{
  "stats": {
    "suites": 1,
    "tests": 1,
    "passes": 0,
    "pending": 0,
    "failures": 1,
    "start": "2022-02-03T10:15:00.482Z",
    "end": "2022-02-03T10:15:14.793Z",
    "duration": 14311,
    "testsRegistered": 1,
    "passPercent": 0,
    "pendingPercent": 0,
    "other": 0,
    "hasOther": false,
    "skipped": 0,
    "hasSkipped": false
  },
  "results": [
    {
      "uuid": "b4cbe8e4-c1af-4ca2-a027-06246cd63724",
      "title": "",
      "fullFile": "cypress/integration/testSuite01/tc04_fileUpload-spec.js",
      "file": "cypress/integration/testSuite01/tc04_fileUpload-spec.js",
      "beforeHooks": [],
      "afterHooks": [],
      "tests": [],
      "suites": [
        {
          "uuid": "bc6cd0cd-670e-4852-8265-36e23c939491",
          "title": "cypress-file-upload plugin",
          "fullFile": "",
          "file": "",
          "beforeHooks": [],
          "afterHooks": [],
          "tests": [
            {
              "title": "test01: File upload",
              "fullTitle": "cypress-file-upload plugin test01: File upload",
              "timedOut": null,
              "duration": 10943,
              "state": "failed",
              "speed": null,
              "pass": false,
              "fail": true,
              "pending": false,
              "context": null,
              "code": "cy.visit('https://cgi-lib.berkeley.edu/ex/fup.html');\nconst fileName = 'MochawesomeReport.pdf'; // file path - cypress\\fixtures\\testFile.pdf\ncy.get('[type=\"file\"]').attachFile(fileName); // upload file\ncy.get('[type=\"submit\"]').click();\ncy.contains(\"You've uploaded a file. Your notes on the file were:\").should('be.visible');\ncy.contains(\"The file's contents are: Test automation by Cypress\").should('be.visible');",
              "err": {
                "message": "AssertionError: Timed out retrying after 4000ms: Expected to find content: 'The file's contents are: Test automation by Cypress' but never did.",
                "estack": "AssertionError: Timed out retrying after 4000ms: Expected to find content: 'The file's contents are: Test automation by Cypress' but never did.\n    at Context.eval (https://cgi-lib.berkeley.edu/__cypress/tests?p=cypress\\integration\\testSuite01\\tc04_fileUpload-spec.js:108:72)",
                "diff": null
              },
              "uuid": "3f905716-f74d-4b00-809b-59c2b5f387bf",
              "parentUUID": "bc6cd0cd-670e-4852-8265-36e23c939491",
              "isHook": false,
              "skipped": false
            }
          ],
          "suites": [],
          "passes": [],
          "failures": [
            "3f905716-f74d-4b00-809b-59c2b5f387bf"
          ],
          "pending": [],
          "skipped": [],
          "duration": 10943,
          "root": false,
          "rootEmpty": false,
          "_timeout": 2000
        }
      ],
      "passes": [],
      "failures": [],
      "pending": [],
      "skipped": [],
      "duration": 0,
      "root": true,
      "rootEmpty": true,
      "_timeout": 2000
    }
  ],
  "meta": {
    "mocha": {
      "version": "7.0.1"
    },
    "mochawesome": {
      "options": {
        "quiet": false,
        "reportFilename": "mochawesome",
        "saveHtml": false,
        "saveJson": true,
        "consoleReporter": "spec",
        "useInlineDiffs": false,
        "code": true
      },
      "version": "7.0.1"
    },
    "marge": {
      "options": {
        "id": "default",
        "reportDir": "cypress/reports/mocha",
        "quite": true,
        "overwrite": false,
        "html": false,
        "json": true
      },
      "version": "6.0.1"
    }
  }
}