{
  "stats": {
    "suites": 2,
    "tests": 2,
    "passes": 2,
    "pending": 0,
    "failures": 0,
    "start": "2022-02-07T08:50:30.415Z",
    "end": "2022-02-07T08:50:36.996Z",
    "duration": 6581,
    "testsRegistered": 2,
    "passPercent": 100,
    "pendingPercent": 0,
    "other": 0,
    "hasOther": false,
    "skipped": 0,
    "hasSkipped": false
  },
  "results": [
    {
      "uuid": "c9f71493-8502-4107-9469-ec71c5ea3edc",
      "title": "",
      "fullFile": "cypress/integration/testSuite/ts02_signInFixtures-spec.js",
      "file": "cypress/integration/testSuite/ts02_signInFixtures-spec.js",
      "beforeHooks": [],
      "afterHooks": [],
      "tests": [],
      "suites": [
        {
          "uuid": "f42fb3be-94e2-45e8-9ef1-4e9a435fe182",
          "title": "Sign In by accessing test data from Fixture files",
          "fullFile": "",
          "file": "",
          "beforeHooks": [],
          "afterHooks": [],
          "tests": [
            {
              "title": "test01: sign in",
              "fullTitle": "Sign In by accessing test data from Fixture files test01: sign in",
              "timedOut": null,
              "duration": 4856,
              "state": "passed",
              "speed": "fast",
              "pass": true,
              "fail": false,
              "pending": false,
              "context": null,
              "code": "cy.visit(\"https://react-redux.realworld.io/#/login\");\ncy.fixture('loginDetails').then(function (user) {\n  //access data from Fixture file > loginDetails.json\n  cy.get('input[type=\"email\"]').type(user.email);\n  cy.get('input[type=\"password\"]').type(user.password);\n});\ncy.get('.btn').contains('Sign in').should('be.visible').click();\ncy.contains('manjunatha2207').should('be.visible');\ncy.contains('Your Feed').should('be.visible');",
              "err": {},
              "uuid": "66372cfe-4300-47c0-8d77-0f7b3b10fb54",
              "parentUUID": "f42fb3be-94e2-45e8-9ef1-4e9a435fe182",
              "isHook": false,
              "skipped": false
            }
          ],
          "suites": [],
          "passes": [
            "66372cfe-4300-47c0-8d77-0f7b3b10fb54"
          ],
          "failures": [],
          "pending": [],
          "skipped": [],
          "duration": 4856,
          "root": false,
          "rootEmpty": false,
          "_timeout": 2000
        },
        {
          "uuid": "86baf545-d3d2-4590-9089-2ab446886f84",
          "title": "Sign In by accessing test data from Fixture files using beforeEachHook",
          "fullFile": "",
          "file": "",
          "beforeHooks": [],
          "afterHooks": [],
          "tests": [
            {
              "title": "test02: Sign in",
              "fullTitle": "Sign In by accessing test data from Fixture files using beforeEachHook test02: Sign in",
              "timedOut": null,
              "duration": 1681,
              "state": "passed",
              "speed": "fast",
              "pass": true,
              "fail": false,
              "pending": false,
              "context": null,
              "code": "cy.visit('https://react-redux.realworld.io/#/login');\ncy.get('input[type=\"email\"]').type(this.user.email);\ncy.get('input[type=\"password\"]').type(this.user.password);\ncy.get('.btn').contains('Sign in').should('be.visible').click();",
              "err": {},
              "uuid": "0229c98c-012c-4a55-b61c-47adbb044156",
              "parentUUID": "86baf545-d3d2-4590-9089-2ab446886f84",
              "isHook": false,
              "skipped": false
            }
          ],
          "suites": [],
          "passes": [
            "0229c98c-012c-4a55-b61c-47adbb044156"
          ],
          "failures": [],
          "pending": [],
          "skipped": [],
          "duration": 1681,
          "root": false,
          "rootEmpty": false,
          "_timeout": 2000
        }
      ],
      "passes": [],
      "failures": [],
      "pending": [],
      "skipped": [],
      "duration": 0,
      "root": true,
      "rootEmpty": true,
      "_timeout": 2000
    }
  ],
  "meta": {
    "mocha": {
      "version": "7.0.1"
    },
    "mochawesome": {
      "options": {
        "quiet": false,
        "reportFilename": "mochawesome",
        "saveHtml": false,
        "saveJson": true,
        "consoleReporter": "spec",
        "useInlineDiffs": false,
        "code": true
      },
      "version": "7.0.1"
    },
    "marge": {
      "options": {
        "id": "default",
        "reportDir": "cypress/reports/mocha",
        "quite": true,
        "overwrite": false,
        "html": false,
        "json": true
      },
      "version": "6.0.1"
    }
  }
}