{
  "stats": {
    "suites": 1,
    "tests": 5,
    "passes": 5,
    "pending": 0,
    "failures": 0,
    "start": "2022-02-09T10:27:01.065Z",
    "end": "2022-02-09T10:27:33.053Z",
    "duration": 31988,
    "testsRegistered": 5,
    "passPercent": 100,
    "pendingPercent": 0,
    "other": 0,
    "hasOther": false,
    "skipped": 0,
    "hasSkipped": false
  },
  "results": [
    {
      "uuid": "de0fa3f6-8fb2-4687-b9ef-aded21fb99a2",
      "title": "",
      "fullFile": "cypress/integration/testSuite02/ts01-viewPortTests.js",
      "file": "cypress/integration/testSuite02/ts01-viewPortTests.js",
      "beforeHooks": [],
      "afterHooks": [],
      "tests": [],
      "suites": [
        {
          "uuid": "71cc263f-9db8-4eb1-8376-878b6e79ee78",
          "title": "view ports: Control the size & orientation of the APP screen",
          "fullFile": "",
          "file": "",
          "beforeHooks": [],
          "afterHooks": [],
          "tests": [
            {
              "title": "test01: run tests in macbook-16",
              "fullTitle": "view ports: Control the size & orientation of the APP screen test01: run tests in macbook-16",
              "timedOut": null,
              "duration": 6756,
              "state": "passed",
              "speed": "medium",
              "pass": true,
              "fail": false,
              "pending": false,
              "context": null,
              "code": "cy.viewport('macbook-16');\ncy.screenshot();\ncy.wait(2000);",
              "err": {},
              "uuid": "14a94f01-effe-4e01-9a16-389078fe402f",
              "parentUUID": "71cc263f-9db8-4eb1-8376-878b6e79ee78",
              "isHook": false,
              "skipped": false
            },
            {
              "title": "test02: run tests in ipad-2",
              "fullTitle": "view ports: Control the size & orientation of the APP screen test02: run tests in ipad-2",
              "timedOut": null,
              "duration": 3860,
              "state": "passed",
              "speed": "fast",
              "pass": true,
              "fail": false,
              "pending": false,
              "context": null,
              "code": "cy.viewport('ipad-2');\ncy.screenshot();\ncy.wait(2000);",
              "err": {},
              "uuid": "acec249e-c58d-4a6d-8ff1-6bfbea9ee330",
              "parentUUID": "71cc263f-9db8-4eb1-8376-878b6e79ee78",
              "isHook": false,
              "skipped": false
            },
            {
              "title": "test03: run tests in iphone-xr",
              "fullTitle": "view ports: Control the size & orientation of the APP screen test03: run tests in iphone-xr",
              "timedOut": null,
              "duration": 4035,
              "state": "passed",
              "speed": "fast",
              "pass": true,
              "fail": false,
              "pending": false,
              "context": null,
              "code": "cy.viewport('iphone-xr');\ncy.screenshot();\ncy.wait(2000);",
              "err": {},
              "uuid": "2e9eb959-fbfe-478a-890d-fe726e6fdf2b",
              "parentUUID": "71cc263f-9db8-4eb1-8376-878b6e79ee78",
              "isHook": false,
              "skipped": false
            },
            {
              "title": "test04: run tests in 1024px x 768px",
              "fullTitle": "view ports: Control the size & orientation of the APP screen test04: run tests in 1024px x 768px",
              "timedOut": null,
              "duration": 3394,
              "state": "passed",
              "speed": "fast",
              "pass": true,
              "fail": false,
              "pending": false,
              "context": null,
              "code": "cy.viewport(1024, 768);\ncy.screenshot();\ncy.wait(2000);",
              "err": {},
              "uuid": "7a73c58f-27cc-483b-9213-22a728d648ab",
              "parentUUID": "71cc263f-9db8-4eb1-8376-878b6e79ee78",
              "isHook": false,
              "skipped": false
            },
            {
              "title": "test04: run tests in samsung-note9",
              "fullTitle": "view ports: Control the size & orientation of the APP screen test04: run tests in samsung-note9",
              "timedOut": null,
              "duration": 4477,
              "state": "passed",
              "speed": "fast",
              "pass": true,
              "fail": false,
              "pending": false,
              "context": null,
              "code": "cy.viewport('samsung-note9');\ncy.screenshot();\ncy.wait(2000);",
              "err": {},
              "uuid": "79cf1215-9e15-42a3-a69b-77a5f4d0f952",
              "parentUUID": "71cc263f-9db8-4eb1-8376-878b6e79ee78",
              "isHook": false,
              "skipped": false
            }
          ],
          "suites": [],
          "passes": [
            "14a94f01-effe-4e01-9a16-389078fe402f",
            "acec249e-c58d-4a6d-8ff1-6bfbea9ee330",
            "2e9eb959-fbfe-478a-890d-fe726e6fdf2b",
            "7a73c58f-27cc-483b-9213-22a728d648ab",
            "79cf1215-9e15-42a3-a69b-77a5f4d0f952"
          ],
          "failures": [],
          "pending": [],
          "skipped": [],
          "duration": 22522,
          "root": false,
          "rootEmpty": false,
          "_timeout": 2000
        }
      ],
      "passes": [],
      "failures": [],
      "pending": [],
      "skipped": [],
      "duration": 0,
      "root": true,
      "rootEmpty": true,
      "_timeout": 2000
    }
  ],
  "meta": {
    "mocha": {
      "version": "7.0.1"
    },
    "mochawesome": {
      "options": {
        "quiet": false,
        "reportFilename": "mochawesome",
        "saveHtml": false,
        "saveJson": true,
        "consoleReporter": "spec",
        "useInlineDiffs": false,
        "code": true
      },
      "version": "7.0.1"
    },
    "marge": {
      "options": {
        "id": "default",
        "reportDir": "cypress/reports/mocha",
        "quite": true,
        "overwrite": false,
        "html": false,
        "json": true
      },
      "version": "6.0.1"
    }
  }
}