{
  "stats": {
    "suites": 1,
    "tests": 1,
    "passes": 1,
    "pending": 0,
    "failures": 0,
    "start": "2022-02-09T10:02:11.863Z",
    "end": "2022-02-09T10:02:17.280Z",
    "duration": 5417,
    "testsRegistered": 1,
    "passPercent": 100,
    "pendingPercent": 0,
    "other": 0,
    "hasOther": false,
    "skipped": 0,
    "hasSkipped": false
  },
  "results": [
    {
      "uuid": "0a0c9b61-8e0b-499a-beec-7a74f263e501",
      "title": "",
      "fullFile": "cypress/integration/testSuite01/ts01_signIn-spec.js",
      "file": "cypress/integration/testSuite01/ts01_signIn-spec.js",
      "beforeHooks": [],
      "afterHooks": [],
      "tests": [],
      "suites": [
        {
          "uuid": "f09ddc86-6d24-467a-a5fe-29d3a909feaf",
          "title": "Sign In",
          "fullFile": "",
          "file": "",
          "beforeHooks": [],
          "afterHooks": [],
          "tests": [
            {
              "title": "test01: sign in",
              "fullTitle": "Sign In test01: sign in",
              "timedOut": null,
              "duration": 5352,
              "state": "passed",
              "speed": "medium",
              "pass": true,
              "fail": false,
              "pending": false,
              "context": null,
              "code": "cy.visit(\"https://react-redux.realworld.io/#/login\");\ncy.get('input[type=\"email\"]').type('manjunatha2207@gmail.com');\ncy.get('input[type=\"password\"]').type('Cypress@1234');\ncy.get('.btn').contains('Sign in').should('be.visible').click();\ncy.contains('manjunatha2207').should('be.visible');\ncy.contains('Your Feed').should('be.visible');",
              "err": {},
              "uuid": "a135d566-fcab-4dea-b666-5439e0fa28a2",
              "parentUUID": "f09ddc86-6d24-467a-a5fe-29d3a909feaf",
              "isHook": false,
              "skipped": false
            }
          ],
          "suites": [],
          "passes": [
            "a135d566-fcab-4dea-b666-5439e0fa28a2"
          ],
          "failures": [],
          "pending": [],
          "skipped": [],
          "duration": 5352,
          "root": false,
          "rootEmpty": false,
          "_timeout": 2000
        }
      ],
      "passes": [],
      "failures": [],
      "pending": [],
      "skipped": [],
      "duration": 0,
      "root": true,
      "rootEmpty": true,
      "_timeout": 2000
    }
  ],
  "meta": {
    "mocha": {
      "version": "7.0.1"
    },
    "mochawesome": {
      "options": {
        "quiet": false,
        "reportFilename": "mochawesome",
        "saveHtml": false,
        "saveJson": true,
        "consoleReporter": "spec",
        "useInlineDiffs": false,
        "code": true
      },
      "version": "7.0.1"
    },
    "marge": {
      "options": {
        "id": "default",
        "reportDir": "cypress/reports/mocha",
        "quite": true,
        "overwrite": false,
        "html": false,
        "json": true
      },
      "version": "6.0.1"
    }
  }
}