{
  "stats": {
    "suites": 1,
    "tests": 5,
    "passes": 5,
    "pending": 0,
    "failures": 0,
    "start": "2022-02-09T11:14:19.961Z",
    "end": "2022-02-09T11:14:40.230Z",
    "duration": 20269,
    "testsRegistered": 5,
    "passPercent": 100,
    "pendingPercent": 0,
    "other": 0,
    "hasOther": false,
    "skipped": 0,
    "hasSkipped": false
  },
  "results": [
    {
      "uuid": "665bb4ff-8161-41bb-9b4c-2d0157b5b9ee",
      "title": "",
      "fullFile": "cypress/integration/testSuite02/ts01-viewPortTests.js",
      "file": "cypress/integration/testSuite02/ts01-viewPortTests.js",
      "beforeHooks": [],
      "afterHooks": [],
      "tests": [],
      "suites": [
        {
          "uuid": "a0b8f76b-054a-4d7c-aec4-54765798f877",
          "title": "view ports: Control the size & orientation of the APP screen",
          "fullFile": "",
          "file": "",
          "beforeHooks": [],
          "afterHooks": [],
          "tests": [
            {
              "title": "test01: run tests in macbook-16",
              "fullTitle": "view ports: Control the size & orientation of the APP screen test01: run tests in macbook-16",
              "timedOut": null,
              "duration": 4136,
              "state": "passed",
              "speed": "fast",
              "pass": true,
              "fail": false,
              "pending": false,
              "context": null,
              "code": "cy.viewport('macbook-16');\ncy.screenshot();\ncy.wait(2000);",
              "err": {},
              "uuid": "88a48eb7-8344-496e-a9fe-6d2b1aa83fa5",
              "parentUUID": "a0b8f76b-054a-4d7c-aec4-54765798f877",
              "isHook": false,
              "skipped": false
            },
            {
              "title": "test02: run tests in ipad-2",
              "fullTitle": "view ports: Control the size & orientation of the APP screen test02: run tests in ipad-2",
              "timedOut": null,
              "duration": 3214,
              "state": "passed",
              "speed": "fast",
              "pass": true,
              "fail": false,
              "pending": false,
              "context": null,
              "code": "cy.viewport('ipad-2');\ncy.screenshot();\ncy.wait(2000);",
              "err": {},
              "uuid": "43d6b56d-a0d6-45e6-a516-3933e65a7250",
              "parentUUID": "a0b8f76b-054a-4d7c-aec4-54765798f877",
              "isHook": false,
              "skipped": false
            },
            {
              "title": "test03: run tests in iphone-xr",
              "fullTitle": "view ports: Control the size & orientation of the APP screen test03: run tests in iphone-xr",
              "timedOut": null,
              "duration": 3460,
              "state": "passed",
              "speed": "fast",
              "pass": true,
              "fail": false,
              "pending": false,
              "context": null,
              "code": "cy.viewport('iphone-xr');\ncy.screenshot();\ncy.wait(2000);",
              "err": {},
              "uuid": "c25f1b0b-b9fe-4f79-9259-bf5daba6e4ce",
              "parentUUID": "a0b8f76b-054a-4d7c-aec4-54765798f877",
              "isHook": false,
              "skipped": false
            },
            {
              "title": "test04: run tests in 1024px x 768px",
              "fullTitle": "view ports: Control the size & orientation of the APP screen test04: run tests in 1024px x 768px",
              "timedOut": null,
              "duration": 3373,
              "state": "passed",
              "speed": "fast",
              "pass": true,
              "fail": false,
              "pending": false,
              "context": null,
              "code": "cy.viewport(1024, 768);\ncy.screenshot();\ncy.wait(2000);",
              "err": {},
              "uuid": "64e05fa3-8710-4020-aa69-58a28fcaf62b",
              "parentUUID": "a0b8f76b-054a-4d7c-aec4-54765798f877",
              "isHook": false,
              "skipped": false
            },
            {
              "title": "test04: run tests in samsung-note9",
              "fullTitle": "view ports: Control the size & orientation of the APP screen test04: run tests in samsung-note9",
              "timedOut": null,
              "duration": 3974,
              "state": "passed",
              "speed": "fast",
              "pass": true,
              "fail": false,
              "pending": false,
              "context": null,
              "code": "cy.viewport('samsung-note9');\ncy.screenshot();\ncy.wait(2000);",
              "err": {},
              "uuid": "0c5b86b1-0fd6-443e-8861-f7c0439ecc9d",
              "parentUUID": "a0b8f76b-054a-4d7c-aec4-54765798f877",
              "isHook": false,
              "skipped": false
            }
          ],
          "suites": [],
          "passes": [
            "88a48eb7-8344-496e-a9fe-6d2b1aa83fa5",
            "43d6b56d-a0d6-45e6-a516-3933e65a7250",
            "c25f1b0b-b9fe-4f79-9259-bf5daba6e4ce",
            "64e05fa3-8710-4020-aa69-58a28fcaf62b",
            "0c5b86b1-0fd6-443e-8861-f7c0439ecc9d"
          ],
          "failures": [],
          "pending": [],
          "skipped": [],
          "duration": 18157,
          "root": false,
          "rootEmpty": false,
          "_timeout": 2000
        }
      ],
      "passes": [],
      "failures": [],
      "pending": [],
      "skipped": [],
      "duration": 0,
      "root": true,
      "rootEmpty": true,
      "_timeout": 2000
    }
  ],
  "meta": {
    "mocha": {
      "version": "7.0.1"
    },
    "mochawesome": {
      "options": {
        "quiet": false,
        "reportFilename": "mochawesome",
        "saveHtml": false,
        "saveJson": true,
        "consoleReporter": "spec",
        "useInlineDiffs": false,
        "code": true
      },
      "version": "7.0.1"
    },
    "marge": {
      "options": {
        "id": "default",
        "reportDir": "cypress/reports/mocha",
        "quite": true,
        "overwrite": false,
        "html": false,
        "json": true
      },
      "version": "6.0.1"
    }
  }
}