{
  "stats": {
    "suites": 1,
    "tests": 5,
    "passes": 5,
    "pending": 0,
    "failures": 0,
    "start": "2022-02-09T10:34:34.582Z",
    "end": "2022-02-09T10:34:58.557Z",
    "duration": 23975,
    "testsRegistered": 5,
    "passPercent": 100,
    "pendingPercent": 0,
    "other": 0,
    "hasOther": false,
    "skipped": 0,
    "hasSkipped": false
  },
  "results": [
    {
      "uuid": "fd349d4e-cbbb-4356-a572-920fdfad93a0",
      "title": "",
      "fullFile": "cypress/integration/testSuite02/ts01-viewPortTests.js",
      "file": "cypress/integration/testSuite02/ts01-viewPortTests.js",
      "beforeHooks": [],
      "afterHooks": [],
      "tests": [],
      "suites": [
        {
          "uuid": "ea8a810e-7c1b-4b67-a24b-fd56db7a19db",
          "title": "view ports: Control the size & orientation of the APP screen",
          "fullFile": "",
          "file": "",
          "beforeHooks": [],
          "afterHooks": [],
          "tests": [
            {
              "title": "test01: run tests in macbook-16",
              "fullTitle": "view ports: Control the size & orientation of the APP screen test01: run tests in macbook-16",
              "timedOut": null,
              "duration": 4272,
              "state": "passed",
              "speed": "fast",
              "pass": true,
              "fail": false,
              "pending": false,
              "context": null,
              "code": "cy.viewport('macbook-16');\ncy.screenshot();\ncy.wait(2000);",
              "err": {},
              "uuid": "9dcf0158-3141-4966-98d2-e691cb041861",
              "parentUUID": "ea8a810e-7c1b-4b67-a24b-fd56db7a19db",
              "isHook": false,
              "skipped": false
            },
            {
              "title": "test02: run tests in ipad-2",
              "fullTitle": "view ports: Control the size & orientation of the APP screen test02: run tests in ipad-2",
              "timedOut": null,
              "duration": 3600,
              "state": "passed",
              "speed": "fast",
              "pass": true,
              "fail": false,
              "pending": false,
              "context": null,
              "code": "cy.viewport('ipad-2');\ncy.screenshot();\ncy.wait(2000);",
              "err": {},
              "uuid": "3f77d2a6-e02c-4936-9f3c-3a259f2f558a",
              "parentUUID": "ea8a810e-7c1b-4b67-a24b-fd56db7a19db",
              "isHook": false,
              "skipped": false
            },
            {
              "title": "test03: run tests in iphone-xr",
              "fullTitle": "view ports: Control the size & orientation of the APP screen test03: run tests in iphone-xr",
              "timedOut": null,
              "duration": 3568,
              "state": "passed",
              "speed": "fast",
              "pass": true,
              "fail": false,
              "pending": false,
              "context": null,
              "code": "cy.viewport('iphone-xr');\ncy.screenshot();\ncy.wait(2000);",
              "err": {},
              "uuid": "866ecf2d-1c90-416e-8a0e-ea2abd8abd76",
              "parentUUID": "ea8a810e-7c1b-4b67-a24b-fd56db7a19db",
              "isHook": false,
              "skipped": false
            },
            {
              "title": "test04: run tests in 1024px x 768px",
              "fullTitle": "view ports: Control the size & orientation of the APP screen test04: run tests in 1024px x 768px",
              "timedOut": null,
              "duration": 6965,
              "state": "passed",
              "speed": "medium",
              "pass": true,
              "fail": false,
              "pending": false,
              "context": null,
              "code": "cy.viewport(1024, 768);\ncy.screenshot();\ncy.wait(2000);",
              "err": {},
              "uuid": "38a1a7d0-690f-4f1d-a7e6-753ede05b3dd",
              "parentUUID": "ea8a810e-7c1b-4b67-a24b-fd56db7a19db",
              "isHook": false,
              "skipped": false
            },
            {
              "title": "test04: run tests in samsung-note9",
              "fullTitle": "view ports: Control the size & orientation of the APP screen test04: run tests in samsung-note9",
              "timedOut": null,
              "duration": 3417,
              "state": "passed",
              "speed": "fast",
              "pass": true,
              "fail": false,
              "pending": false,
              "context": null,
              "code": "cy.viewport('samsung-note9');\ncy.screenshot();\ncy.wait(2000);",
              "err": {},
              "uuid": "10afc5c2-6070-449f-90f8-60d6f5004400",
              "parentUUID": "ea8a810e-7c1b-4b67-a24b-fd56db7a19db",
              "isHook": false,
              "skipped": false
            }
          ],
          "suites": [],
          "passes": [
            "9dcf0158-3141-4966-98d2-e691cb041861",
            "3f77d2a6-e02c-4936-9f3c-3a259f2f558a",
            "866ecf2d-1c90-416e-8a0e-ea2abd8abd76",
            "38a1a7d0-690f-4f1d-a7e6-753ede05b3dd",
            "10afc5c2-6070-449f-90f8-60d6f5004400"
          ],
          "failures": [],
          "pending": [],
          "skipped": [],
          "duration": 21822,
          "root": false,
          "rootEmpty": false,
          "_timeout": 2000
        }
      ],
      "passes": [],
      "failures": [],
      "pending": [],
      "skipped": [],
      "duration": 0,
      "root": true,
      "rootEmpty": true,
      "_timeout": 2000
    }
  ],
  "meta": {
    "mocha": {
      "version": "7.0.1"
    },
    "mochawesome": {
      "options": {
        "quiet": false,
        "reportFilename": "mochawesome",
        "saveHtml": false,
        "saveJson": true,
        "consoleReporter": "spec",
        "useInlineDiffs": false,
        "code": true
      },
      "version": "7.0.1"
    },
    "marge": {
      "options": {
        "id": "default",
        "reportDir": "cypress/reports/mocha",
        "quite": true,
        "overwrite": false,
        "html": false,
        "json": true
      },
      "version": "6.0.1"
    }
  }
}