{
  "stats": {
    "suites": 1,
    "tests": 3,
    "passes": 1,
    "pending": 0,
    "failures": 2,
    "start": "2022-02-07T08:50:40.496Z",
    "end": "2022-02-07T08:50:54.011Z",
    "duration": 13515,
    "testsRegistered": 3,
    "passPercent": 33.33333333333333,
    "pendingPercent": 0,
    "other": 0,
    "hasOther": false,
    "skipped": 0,
    "hasSkipped": false
  },
  "results": [
    {
      "uuid": "ed42f580-e723-4818-9da3-a1be579934f1",
      "title": "",
      "fullFile": "cypress/integration/testSuite/ts03_createPost-spec.js",
      "file": "cypress/integration/testSuite/ts03_createPost-spec.js",
      "beforeHooks": [],
      "afterHooks": [],
      "tests": [],
      "suites": [
        {
          "uuid": "b61c8a15-a1c3-4fe2-b2ac-010f71d34946",
          "title": "Create Post and Mark/Unmark as Favorite",
          "fullFile": "",
          "file": "",
          "beforeHooks": [],
          "afterHooks": [],
          "tests": [
            {
              "title": "test01: Sign in",
              "fullTitle": "Create Post and Mark/Unmark as Favorite test01: Sign in",
              "timedOut": null,
              "duration": 5045,
              "state": "passed",
              "speed": "medium",
              "pass": true,
              "fail": false,
              "pending": false,
              "context": null,
              "code": "cy.visit('https://react-redux.realworld.io/#/login');\ncy.title().should('eq', 'Conduit');\ncy.location('protocol').should('eq', 'https:');\ncy.get('input[type=\"email\"]').type('manjunatha2207@gmail.com');\ncy.get('input[type=\"password\"]').type('Cypress@1234');\ncy.get('.btn').contains('Sign in').should('be.visible').click();\ncy.contains('Your Feed', {\n  timeout: 10000\n}).should('be.visible');",
              "err": {},
              "uuid": "922e4cef-df5c-4dd9-8c97-22c02cd8d30d",
              "parentUUID": "b61c8a15-a1c3-4fe2-b2ac-010f71d34946",
              "isHook": false,
              "skipped": false
            },
            {
              "title": "test02: Create Post",
              "fullTitle": "Create Post and Mark/Unmark as Favorite test02: Create Post",
              "timedOut": null,
              "duration": 6195,
              "state": "failed",
              "speed": null,
              "pass": false,
              "fail": true,
              "pending": false,
              "context": null,
              "code": "cy.contains('New Post').click();\ncy.hash().should('include', '#/editor'); //cy.location('hash').should('include','#/editor')\ncy.get('input[placeholder=\"Article Title\"]').type('Cypress Automation'); // cy.get('input[placeholder=\"Article Title\"]').type('Cypress Automation'+ Math.random()*6)\ncy.get('input[placeholder=\"What\\'s this article about?\"]').type('Cypress Test Automation');\ncy.get('textarea[placeholder=\"Write your article (in markdown)\"]').type('Cypress Test Automation for Web');\ncy.contains('Publish Article').click();\ncy.url().should('include', 'article');",
              "err": {
                "message": "AssertionError: Timed out retrying after 4000ms: expected 'https://react-redux.realworld.io/#/editor?_k=e8aeci' to include 'article'",
                "estack": "AssertionError: Timed out retrying after 4000ms: expected 'https://react-redux.realworld.io/#/editor?_k=e8aeci' to include 'article'\n    at Context.eval (https://react-redux.realworld.io/__cypress/tests?p=cypress\\integration\\testSuite\\ts03_createPost-spec.js:26:14)",
                "diff": null
              },
              "uuid": "23f30fa4-5c30-4fff-b21f-af961fb16a5c",
              "parentUUID": "b61c8a15-a1c3-4fe2-b2ac-010f71d34946",
              "isHook": false,
              "skipped": false
            },
            {
              "title": "test03: Mark/Unmark as Favorite",
              "fullTitle": "Create Post and Mark/Unmark as Favorite test03: Mark/Unmark as Favorite",
              "timedOut": null,
              "duration": 2135,
              "state": "failed",
              "speed": null,
              "pass": false,
              "fail": true,
              "pending": false,
              "context": null,
              "code": "cy.get('.nav-link').contains('manjunatha2207').click();\ncy.contains('My Articles').should('be.visible');\ncy.get('.ion-heart').click();\ncy.contains('Favorited Articles').click();\ncy.url().should('include', 'favorites');\ncy.get('.ion-heart').click();\ncy.reload();\ncy.contains('No articles are here... yet.').should('be.visible');\ncy.go('back'); //cy.go(-1)\n//cy.go('forward')\n//cy.go(1)\n// cy.get('.preview-link > span').click()\n// cy.get('.btn-outline-danger').click()",
              "err": {
                "message": "CypressError: `cy.click()` can only be called on a single element. Your subject contained 5 elements. Pass `{ multiple: true }` if you want to serially click each element.\n\nhttps://on.cypress.io/click",
                "estack": "CypressError: `cy.click()` can only be called on a single element. Your subject contained 5 elements. Pass `{ multiple: true }` if you want to serially click each element.\n\nhttps://on.cypress.io/click\n    at mouseAction (https://react-redux.realworld.io/__cypress/runner/cypress_runner.js:152347:76)\n    at Context.click (https://react-redux.realworld.io/__cypress/runner/cypress_runner.js:152526:14)\n    at Context.<anonymous> (https://react-redux.realworld.io/__cypress/runner/cypress_runner.js:172859:19)\nFrom Your Spec Code:\n    at Context.eval (https://react-redux.realworld.io/__cypress/tests?p=cypress\\integration\\testSuite\\ts03_createPost-spec.js:31:26)",
                "diff": null
              },
              "uuid": "e97bc639-080f-40c9-b952-1d8efaec8d11",
              "parentUUID": "b61c8a15-a1c3-4fe2-b2ac-010f71d34946",
              "isHook": false,
              "skipped": false
            }
          ],
          "suites": [],
          "passes": [
            "922e4cef-df5c-4dd9-8c97-22c02cd8d30d"
          ],
          "failures": [
            "23f30fa4-5c30-4fff-b21f-af961fb16a5c",
            "e97bc639-080f-40c9-b952-1d8efaec8d11"
          ],
          "pending": [],
          "skipped": [],
          "duration": 13375,
          "root": false,
          "rootEmpty": false,
          "_timeout": 2000
        }
      ],
      "passes": [],
      "failures": [],
      "pending": [],
      "skipped": [],
      "duration": 0,
      "root": true,
      "rootEmpty": true,
      "_timeout": 2000
    }
  ],
  "meta": {
    "mocha": {
      "version": "7.0.1"
    },
    "mochawesome": {
      "options": {
        "quiet": false,
        "reportFilename": "mochawesome",
        "saveHtml": false,
        "saveJson": true,
        "consoleReporter": "spec",
        "useInlineDiffs": false,
        "code": true
      },
      "version": "7.0.1"
    },
    "marge": {
      "options": {
        "id": "default",
        "reportDir": "cypress/reports/mocha",
        "quite": true,
        "overwrite": false,
        "html": false,
        "json": true
      },
      "version": "6.0.1"
    }
  }
}