{
  "stats": {
    "suites": 2,
    "tests": 2,
    "passes": 2,
    "pending": 0,
    "failures": 0,
    "start": "2022-02-04T18:16:04.934Z",
    "end": "2022-02-04T18:16:11.640Z",
    "duration": 6706,
    "testsRegistered": 2,
    "passPercent": 100,
    "pendingPercent": 0,
    "other": 0,
    "hasOther": false,
    "skipped": 0,
    "hasSkipped": false
  },
  "results": [
    {
      "uuid": "f630426b-19c8-48f2-96b0-e6bc9c9192a4",
      "title": "",
      "fullFile": "cypress/integration/testSuite/tc02_signInFixtures-spec.js",
      "file": "cypress/integration/testSuite/tc02_signInFixtures-spec.js",
      "beforeHooks": [],
      "afterHooks": [],
      "tests": [],
      "suites": [
        {
          "uuid": "a258df3a-96d1-4443-8b27-6d3a53f92112",
          "title": "Sign In by accessing test data from Fixture files",
          "fullFile": "",
          "file": "",
          "beforeHooks": [],
          "afterHooks": [],
          "tests": [
            {
              "title": "test01: sign in",
              "fullTitle": "Sign In by accessing test data from Fixture files test01: sign in",
              "timedOut": null,
              "duration": 4919,
              "state": "passed",
              "speed": "fast",
              "pass": true,
              "fail": false,
              "pending": false,
              "context": null,
              "code": "cy.visit(\"https://react-redux.realworld.io/#/login\");\ncy.fixture('loginDetails').then(function (user) {\n  //access data from Fixture file > loginDetails.json\n  cy.get('input[type=\"email\"]').type(user.email);\n  cy.get('input[type=\"password\"]').type(user.password);\n});\ncy.get('.btn').contains('Sign in').should('be.visible').click();\ncy.contains('manjunatha2207').should('be.visible');\ncy.contains('Your Feed').should('be.visible');",
              "err": {},
              "uuid": "57b296c5-ea89-487d-9399-02dff4376a65",
              "parentUUID": "a258df3a-96d1-4443-8b27-6d3a53f92112",
              "isHook": false,
              "skipped": false
            }
          ],
          "suites": [],
          "passes": [
            "57b296c5-ea89-487d-9399-02dff4376a65"
          ],
          "failures": [],
          "pending": [],
          "skipped": [],
          "duration": 4919,
          "root": false,
          "rootEmpty": false,
          "_timeout": 2000
        },
        {
          "uuid": "30b3b29f-2d27-45bd-bc83-197f715c519c",
          "title": "Sign In by accessing test data from Fixture files using beforeEachHook",
          "fullFile": "",
          "file": "",
          "beforeHooks": [],
          "afterHooks": [],
          "tests": [
            {
              "title": "test02: Sign in",
              "fullTitle": "Sign In by accessing test data from Fixture files using beforeEachHook test02: Sign in",
              "timedOut": null,
              "duration": 1724,
              "state": "passed",
              "speed": "fast",
              "pass": true,
              "fail": false,
              "pending": false,
              "context": null,
              "code": "cy.visit('https://react-redux.realworld.io/#/login');\ncy.get('input[type=\"email\"]').type(this.user.email);\ncy.get('input[type=\"password\"]').type(this.user.password);\ncy.get('.btn').contains('Sign in').should('be.visible').click();",
              "err": {},
              "uuid": "c2f5c7d8-31e7-4327-ad17-d32994670875",
              "parentUUID": "30b3b29f-2d27-45bd-bc83-197f715c519c",
              "isHook": false,
              "skipped": false
            }
          ],
          "suites": [],
          "passes": [
            "c2f5c7d8-31e7-4327-ad17-d32994670875"
          ],
          "failures": [],
          "pending": [],
          "skipped": [],
          "duration": 1724,
          "root": false,
          "rootEmpty": false,
          "_timeout": 2000
        }
      ],
      "passes": [],
      "failures": [],
      "pending": [],
      "skipped": [],
      "duration": 0,
      "root": true,
      "rootEmpty": true,
      "_timeout": 2000
    }
  ],
  "meta": {
    "mocha": {
      "version": "7.0.1"
    },
    "mochawesome": {
      "options": {
        "quiet": false,
        "reportFilename": "mochawesome",
        "saveHtml": false,
        "saveJson": true,
        "consoleReporter": "spec",
        "useInlineDiffs": false,
        "code": true
      },
      "version": "7.0.1"
    },
    "marge": {
      "options": {
        "id": "default",
        "reportDir": "cypress/reports/mocha",
        "quite": true,
        "overwrite": false,
        "html": false,
        "json": true
      },
      "version": "6.0.1"
    }
  }
}