{
  "stats": {
    "suites": 1,
    "tests": 3,
    "passes": 0,
    "pending": 0,
    "failures": 3,
    "start": "2022-02-07T08:51:36.208Z",
    "end": "2022-02-07T08:51:48.279Z",
    "duration": 12071,
    "testsRegistered": 3,
    "passPercent": 0,
    "pendingPercent": 0,
    "other": 0,
    "hasOther": false,
    "skipped": 0,
    "hasSkipped": false
  },
  "results": [
    {
      "uuid": "6024f3e4-5220-4b83-9189-75b047c896fc",
      "title": "",
      "fullFile": "cypress/integration/testSuite/ts07_testAPIs-spec.js",
      "file": "cypress/integration/testSuite/ts07_testAPIs-spec.js",
      "beforeHooks": [],
      "afterHooks": [],
      "tests": [],
      "suites": [
        {
          "uuid": "51a702ed-4543-403c-927d-4f82a267b610",
          "title": "Test APIs",
          "fullFile": "",
          "file": "",
          "beforeHooks": [],
          "afterHooks": [],
          "tests": [
            {
              "title": "test01: GET METHOD to read record",
              "fullTitle": "Test APIs test01: GET METHOD to read record",
              "timedOut": null,
              "duration": 1353,
              "state": "failed",
              "speed": null,
              "pass": false,
              "fail": true,
              "pending": false,
              "context": null,
              "code": "cy.request('/employees').then(function (response) {\n  expect(response).to.have.property('status', 200);\n  expect(response.body).to.not.be[\"null\"]; // expect(response.body.data).to.have.length(24)\n});",
              "err": {
                "message": "CypressError: `cy.request()` failed on:\n\nhttp://dummy.restapiexample.com/api/v1/employees\n\nThe response we received from your web server was:\n\n  > 429: Too Many Requests\n\nThis was considered a failure because the status code was not `2xx` or `3xx`.\n\nIf you do not want status codes to cause failures pass the option: `failOnStatusCode: false`\n\n-----------------------------------------------------------\n\nThe request we sent was:\n\nMethod: GET\nURL: http://dummy.restapiexample.com/api/v1/employees\nHeaders: {\n  \"Connection\": \"keep-alive\",\n  \"user-agent\": \"Mozilla/5.0 (Windows NT 10.0; Win64; x64) AppleWebKit/537.36 (KHTML, like Gecko) Cypress/9.3.1 Chrome/94.0.4606.81 Electron/15.3.4 Safari/537.36\",\n  \"accept\": \"*/*\",\n  \"accept-encoding\": \"gzip, deflate\"\n}\n\n-----------------------------------------------------------\n\nThe response we got was:\n\nStatus: 429 - Too Many Requests\nHeaders: {\n  \"content-encoding\": \"gzip\",\n  \"content-type\": \"text/html; charset=UTF-8\",\n  \"date\": \"Mon, 07 Feb 2022 08:51:40 GMT\",\n  \"display\": \"staticcontent_sol\",\n  \"expires\": \"Sun, 06 Feb 2022 08:51:40 GMT\",\n  \"host-header\": \"c2hhcmVkLmJsdWVob3N0LmNvbQ==\",\n  \"pagespeed\": \"off\",\n  \"referrer-policy\": \"\",\n  \"response\": \"429\",\n  \"retry-after\": \"20\",\n  \"server\": \"nginx\",\n  \"vary\": \"Accept-Encoding, Accept-Encoding,User-Agent,Origin\",\n  \"x-ezoic-cdn\": \"Miss\",\n  \"x-middleton-display\": \"staticcontent_sol\",\n  \"x-middleton-response\": \"429\",\n  \"x-origin-cache-control\": \"no-cache, private\",\n  \"x-ratelimit-limit\": \"60\",\n  \"x-ratelimit-remaining\": \"56\",\n  \"x-ratelimit-reset\": \"1644223920\",\n  \"x-sol\": \"pub_site\",\n  \"content-length\": \"588\"\n}\nBody: <!DOCTYPE html>\n<html lang=\"en\">\n    <head>\n        <meta charset=\"utf-8\">\n        <meta name=\"viewport\" content=\"width=device-width, initial-scale=1\">\n\n        <title>Too Many Requests</title>\n\n        <!-- Fonts -->\n        <link rel=\"dns-prefetch\" href=\"//fonts.gstatic.com\">\n        <link href=\"https://fonts.googleapis.com/css?family=Nunito\" rel=\"stylesheet\">\n\n        <!-- Styles -->\n        <style>\n  html, body {\n      background-color: #fff;\n      color: #636b6f;\n      font-family: 'Nunito', sans-serif;\n      font-weight: 100;\n      height: 100vh;\n      margin: 0;\n  }\n\n  .full-height {\n      height: 100vh;\n  }\n\n  .flex-center {\n      align-items: center;\n      display: flex;\n      justify-content: center;\n  }\n\n  .position-ref {\n      position: relative;\n  }\n\n  .code {\n      border-right: 2px solid;\n      font-size: 26px;\n      padding: 0 15px 0 15px;\n      text-align: center;\n  }\n\n  .message {\n      font-size: 18px;\n      text-align: center;\n  }\n        </style>\n    </head>\n    <body>\n        <div class=\"flex-center position-ref full-height\">\n  <div class=\"code\">\n      429            </div>\n\n  <div class=\"message\" style=\"padding: 10px;\">\n      Too Many Requests            </div>\n        </div>\n    </body>\n</html>\n\nhttps://on.cypress.io/request",
                "estack": "CypressError: `cy.request()` failed on:\n\nhttp://dummy.restapiexample.com/api/v1/employees\n\nThe response we received from your web server was:\n\n  > 429: Too Many Requests\n\nThis was considered a failure because the status code was not `2xx` or `3xx`.\n\nIf you do not want status codes to cause failures pass the option: `failOnStatusCode: false`\n\n-----------------------------------------------------------\n\nThe request we sent was:\n\nMethod: GET\nURL: http://dummy.restapiexample.com/api/v1/employees\nHeaders: {\n  \"Connection\": \"keep-alive\",\n  \"user-agent\": \"Mozilla/5.0 (Windows NT 10.0; Win64; x64) AppleWebKit/537.36 (KHTML, like Gecko) Cypress/9.3.1 Chrome/94.0.4606.81 Electron/15.3.4 Safari/537.36\",\n  \"accept\": \"*/*\",\n  \"accept-encoding\": \"gzip, deflate\"\n}\n\n-----------------------------------------------------------\n\nThe response we got was:\n\nStatus: 429 - Too Many Requests\nHeaders: {\n  \"content-encoding\": \"gzip\",\n  \"content-type\": \"text/html; charset=UTF-8\",\n  \"date\": \"Mon, 07 Feb 2022 08:51:40 GMT\",\n  \"display\": \"staticcontent_sol\",\n  \"expires\": \"Sun, 06 Feb 2022 08:51:40 GMT\",\n  \"host-header\": \"c2hhcmVkLmJsdWVob3N0LmNvbQ==\",\n  \"pagespeed\": \"off\",\n  \"referrer-policy\": \"\",\n  \"response\": \"429\",\n  \"retry-after\": \"20\",\n  \"server\": \"nginx\",\n  \"vary\": \"Accept-Encoding, Accept-Encoding,User-Agent,Origin\",\n  \"x-ezoic-cdn\": \"Miss\",\n  \"x-middleton-display\": \"staticcontent_sol\",\n  \"x-middleton-response\": \"429\",\n  \"x-origin-cache-control\": \"no-cache, private\",\n  \"x-ratelimit-limit\": \"60\",\n  \"x-ratelimit-remaining\": \"56\",\n  \"x-ratelimit-reset\": \"1644223920\",\n  \"x-sol\": \"pub_site\",\n  \"content-length\": \"588\"\n}\nBody: <!DOCTYPE html>\n<html lang=\"en\">\n    <head>\n        <meta charset=\"utf-8\">\n        <meta name=\"viewport\" content=\"width=device-width, initial-scale=1\">\n\n        <title>Too Many Requests</title>\n\n        <!-- Fonts -->\n        <link rel=\"dns-prefetch\" href=\"//fonts.gstatic.com\">\n        <link href=\"https://fonts.googleapis.com/css?family=Nunito\" rel=\"stylesheet\">\n\n        <!-- Styles -->\n        <style>\n  html, body {\n      background-color: #fff;\n      color: #636b6f;\n      font-family: 'Nunito', sans-serif;\n      font-weight: 100;\n      height: 100vh;\n      margin: 0;\n  }\n\n  .full-height {\n      height: 100vh;\n  }\n\n  .flex-center {\n      align-items: center;\n      display: flex;\n      justify-content: center;\n  }\n\n  .position-ref {\n      position: relative;\n  }\n\n  .code {\n      border-right: 2px solid;\n      font-size: 26px;\n      padding: 0 15px 0 15px;\n      text-align: center;\n  }\n\n  .message {\n      font-size: 18px;\n      text-align: center;\n  }\n        </style>\n    </head>\n    <body>\n        <div class=\"flex-center position-ref full-height\">\n  <div class=\"code\">\n      429            </div>\n\n  <div class=\"message\" style=\"padding: 10px;\">\n      Too Many Requests            </div>\n        </div>\n    </body>\n</html>\n\nhttps://on.cypress.io/request\n    at https://react-redux.realworld.io/__cypress/runner/cypress_runner.js:160312:80\n    at tryCatcher (https://react-redux.realworld.io/__cypress/runner/cypress_runner.js:13196:23)\n    at Promise._settlePromiseFromHandler (https://react-redux.realworld.io/__cypress/runner/cypress_runner.js:11131:31)\n    at Promise._settlePromise (https://react-redux.realworld.io/__cypress/runner/cypress_runner.js:11188:18)\n    at Promise._settlePromise0 (https://react-redux.realworld.io/__cypress/runner/cypress_runner.js:11233:10)\n    at Promise._settlePromises (https://react-redux.realworld.io/__cypress/runner/cypress_runner.js:11313:18)\n    at _drainQueueStep (https://react-redux.realworld.io/__cypress/runner/cypress_runner.js:7903:12)\n    at _drainQueue (https://react-redux.realworld.io/__cypress/runner/cypress_runner.js:7896:9)\n    at Async.../../node_modules/bluebird/js/release/async.js.Async._drainQueues (https://react-redux.realworld.io/__cypress/runner/cypress_runner.js:7912:5)\n    at Async.drainQueues (https://react-redux.realworld.io/__cypress/runner/cypress_runner.js:7782:14)\nFrom Your Spec Code:\n    at Context.eval (https://react-redux.realworld.io/__cypress/tests?p=cypress\\integration\\testSuite\\ts07_testAPIs-spec.js:9:8)",
                "diff": null
              },
              "uuid": "c588141a-309c-42cd-bf87-4e013cbd5639",
              "parentUUID": "51a702ed-4543-403c-927d-4f82a267b610",
              "isHook": false,
              "skipped": false
            },
            {
              "title": "test02: POST METHOD to create record",
              "fullTitle": "Test APIs test02: POST METHOD to create record",
              "timedOut": null,
              "duration": 5366,
              "state": "failed",
              "speed": null,
              "pass": false,
              "fail": true,
              "pending": false,
              "context": null,
              "code": "var item = {\n  \"name\": \"Manjunatha\",\n  \"salary\": \"68\",\n  \"age\": \"68\"\n};\ncy.request('POST', '/create', item).its('body').its('data') // .should('deep.eq', item)\n.should('include', {\n  name: 'test'\n});",
              "err": {
                "message": "AssertionError: Timed out retrying after 4000ms: expected { Object (name, salary, ...) } to have property 'name' of 'test', but got 'Manjunatha'",
                "estack": "AssertionError: Timed out retrying after 4000ms: expected { Object (name, salary, ...) } to have property 'name' of 'test', but got 'Manjunatha'\n    at Context.eval (https://react-redux.realworld.io/__cypress/tests?p=cypress\\integration\\testSuite\\ts07_testAPIs-spec.js:21:6)",
                "diff": "- 'Manjunatha'\n+ 'test'\n"
              },
              "uuid": "7be9d1cf-bc4c-4f13-ba68-c5a5efb9adcc",
              "parentUUID": "51a702ed-4543-403c-927d-4f82a267b610",
              "isHook": false,
              "skipped": false
            },
            {
              "title": "test01: PUT METHOD to update record",
              "fullTitle": "Test APIs test01: PUT METHOD to update record",
              "timedOut": null,
              "duration": 5213,
              "state": "failed",
              "speed": null,
              "pass": false,
              "fail": true,
              "pending": false,
              "context": null,
              "code": "var item = {\n  \"name\": \"test1\"\n};\ncy.request({\n  method: 'PUT',\n  url: '/update/1',\n  body: item,\n  failOnStatusCode: false\n}).its('status').should('eq', 401);",
              "err": {
                "message": "AssertionError: Timed out retrying after 4000ms: expected 429 to equal 401",
                "estack": "AssertionError: Timed out retrying after 4000ms: expected 429 to equal 401\n    at Context.eval (https://react-redux.realworld.io/__cypress/tests?p=cypress\\integration\\testSuite\\ts07_testAPIs-spec.js:34:22)",
                "diff": "- 429\n+ 401\n"
              },
              "uuid": "bc16b9eb-2e5f-4646-959b-61067c4c00f1",
              "parentUUID": "51a702ed-4543-403c-927d-4f82a267b610",
              "isHook": false,
              "skipped": false
            }
          ],
          "suites": [],
          "passes": [],
          "failures": [
            "c588141a-309c-42cd-bf87-4e013cbd5639",
            "7be9d1cf-bc4c-4f13-ba68-c5a5efb9adcc",
            "bc16b9eb-2e5f-4646-959b-61067c4c00f1"
          ],
          "pending": [],
          "skipped": [],
          "duration": 11932,
          "root": false,
          "rootEmpty": false,
          "_timeout": 2000
        }
      ],
      "passes": [],
      "failures": [],
      "pending": [],
      "skipped": [],
      "duration": 0,
      "root": true,
      "rootEmpty": true,
      "_timeout": 2000
    }
  ],
  "meta": {
    "mocha": {
      "version": "7.0.1"
    },
    "mochawesome": {
      "options": {
        "quiet": false,
        "reportFilename": "mochawesome",
        "saveHtml": false,
        "saveJson": true,
        "consoleReporter": "spec",
        "useInlineDiffs": false,
        "code": true
      },
      "version": "7.0.1"
    },
    "marge": {
      "options": {
        "id": "default",
        "reportDir": "cypress/reports/mocha",
        "quite": true,
        "overwrite": false,
        "html": false,
        "json": true
      },
      "version": "6.0.1"
    }
  }
}