{
  "stats": {
    "suites": 1,
    "tests": 2,
    "passes": 2,
    "pending": 0,
    "failures": 0,
    "start": "2022-02-07T08:50:58.900Z",
    "end": "2022-02-07T08:51:12.900Z",
    "duration": 14000,
    "testsRegistered": 2,
    "passPercent": 100,
    "pendingPercent": 0,
    "other": 0,
    "hasOther": false,
    "skipped": 0,
    "hasSkipped": false
  },
  "results": [
    {
      "uuid": "6e628a47-4b49-4ed6-b983-58486fdaa235",
      "title": "",
      "fullFile": "cypress/integration/testSuite/ts04_createPostCustomCMD-spec.js",
      "file": "cypress/integration/testSuite/ts04_createPostCustomCMD-spec.js",
      "beforeHooks": [],
      "afterHooks": [],
      "tests": [],
      "suites": [
        {
          "uuid": "8b0f3147-fae8-4d08-a1c7-08bd6c9bbe51",
          "title": "Create Post and Mark/Unmark as Favorite",
          "fullFile": "",
          "file": "",
          "beforeHooks": [],
          "afterHooks": [],
          "tests": [
            {
              "title": "test01: Create Post",
              "fullTitle": "Create Post and Mark/Unmark as Favorite test01: Create Post",
              "timedOut": null,
              "duration": 8191,
              "state": "passed",
              "speed": "medium",
              "pass": true,
              "fail": false,
              "pending": false,
              "context": null,
              "code": "cy.contains('New Post').click();\ncy.hash().should('include', '#/editor'); //cy.location('hash').should('include','#/editor')\n// cy.get('input[placeholder=\"Article Title\"]').type('Cypress Automation')\ncy.get('input[placeholder=\"Article Title\"]').type('Cypress Automation' + Math.random() * 6);\ncy.get('input[placeholder=\"What\\'s this article about?\"]').type('Cypress Test Automation');\ncy.get('textarea[placeholder=\"Write your article (in markdown)\"]').type('Cypress Test Automation for Web');\ncy.contains('Publish Article').click();\ncy.url().should('include', 'article');",
              "err": {},
              "uuid": "b53e1748-b228-4c4f-a05f-fdbd8d1471a8",
              "parentUUID": "8b0f3147-fae8-4d08-a1c7-08bd6c9bbe51",
              "isHook": false,
              "skipped": false
            },
            {
              "title": "test02: Mark/Unmark as Favorite",
              "fullTitle": "Create Post and Mark/Unmark as Favorite test02: Mark/Unmark as Favorite",
              "timedOut": null,
              "duration": 5705,
              "state": "passed",
              "speed": "medium",
              "pass": true,
              "fail": false,
              "pending": false,
              "context": null,
              "code": "cy.get('ul.navbar-nav').children().contains('manjunatha2207').click();\ncy.contains('My Articles').should('be.visible');\ncy.get('.ion-heart').first().click();\ncy.contains('Favorited Articles').click();\ncy.url().should('include', 'favorites');\ncy.get('.btn-primary').first().then(function ($fav) {\n  var favCount = $fav.text();\n  expect(parseInt(favCount)).to.eq(1);\n}).click();\ncy.reload();\ncy.contains('No articles are here... yet.').should('be.visible');\ncy.go('back'); //cy.go(-1)\n//cy.go('forward')\n//cy.go(1)\n// cy.get('.preview-link > span').click()\n// cy.get('.btn-outline-danger').click()",
              "err": {},
              "uuid": "f8b20ec0-739f-4410-bad1-2c8b62cf088c",
              "parentUUID": "8b0f3147-fae8-4d08-a1c7-08bd6c9bbe51",
              "isHook": false,
              "skipped": false
            }
          ],
          "suites": [],
          "passes": [
            "b53e1748-b228-4c4f-a05f-fdbd8d1471a8",
            "f8b20ec0-739f-4410-bad1-2c8b62cf088c"
          ],
          "failures": [],
          "pending": [],
          "skipped": [],
          "duration": 13896,
          "root": false,
          "rootEmpty": false,
          "_timeout": 2000
        }
      ],
      "passes": [],
      "failures": [],
      "pending": [],
      "skipped": [],
      "duration": 0,
      "root": true,
      "rootEmpty": true,
      "_timeout": 2000
    }
  ],
  "meta": {
    "mocha": {
      "version": "7.0.1"
    },
    "mochawesome": {
      "options": {
        "quiet": false,
        "reportFilename": "mochawesome",
        "saveHtml": false,
        "saveJson": true,
        "consoleReporter": "spec",
        "useInlineDiffs": false,
        "code": true
      },
      "version": "7.0.1"
    },
    "marge": {
      "options": {
        "id": "default",
        "reportDir": "cypress/reports/mocha",
        "quite": true,
        "overwrite": false,
        "html": false,
        "json": true
      },
      "version": "6.0.1"
    }
  }
}