{
  "stats": {
    "suites": 1,
    "tests": 5,
    "passes": 5,
    "pending": 0,
    "failures": 0,
    "start": "2022-02-09T10:16:23.769Z",
    "end": "2022-02-09T10:16:43.335Z",
    "duration": 19566,
    "testsRegistered": 5,
    "passPercent": 100,
    "pendingPercent": 0,
    "other": 0,
    "hasOther": false,
    "skipped": 0,
    "hasSkipped": false
  },
  "results": [
    {
      "uuid": "088810af-92e1-4a37-99e5-a5212b274a3a",
      "title": "",
      "fullFile": "cypress/integration/testSuite02/ts01-viewPortTests.js",
      "file": "cypress/integration/testSuite02/ts01-viewPortTests.js",
      "beforeHooks": [],
      "afterHooks": [],
      "tests": [],
      "suites": [
        {
          "uuid": "abe9e883-f6fe-4ea2-8b5b-a3e18134fe9a",
          "title": "view ports: Control the size & orientation of the APP screen",
          "fullFile": "",
          "file": "",
          "beforeHooks": [],
          "afterHooks": [],
          "tests": [
            {
              "title": "test01: open tests in macbook-16",
              "fullTitle": "view ports: Control the size & orientation of the APP screen test01: open tests in macbook-16",
              "timedOut": null,
              "duration": 4087,
              "state": "passed",
              "speed": "fast",
              "pass": true,
              "fail": false,
              "pending": false,
              "context": null,
              "code": "cy.viewport('macbook-16');\ncy.screenshot();\ncy.wait(2000);",
              "err": {},
              "uuid": "77d98dbc-b1c5-40a5-b17d-7d33f1fc08e3",
              "parentUUID": "abe9e883-f6fe-4ea2-8b5b-a3e18134fe9a",
              "isHook": false,
              "skipped": false
            },
            {
              "title": "test02: open tests in ipad-2",
              "fullTitle": "view ports: Control the size & orientation of the APP screen test02: open tests in ipad-2",
              "timedOut": null,
              "duration": 3454,
              "state": "passed",
              "speed": "fast",
              "pass": true,
              "fail": false,
              "pending": false,
              "context": null,
              "code": "cy.viewport('ipad-2');\ncy.screenshot();\ncy.wait(2000);",
              "err": {},
              "uuid": "2eca5250-11bd-4b39-9103-b0347d0aff29",
              "parentUUID": "abe9e883-f6fe-4ea2-8b5b-a3e18134fe9a",
              "isHook": false,
              "skipped": false
            },
            {
              "title": "test03: open tests in iphone-xr",
              "fullTitle": "view ports: Control the size & orientation of the APP screen test03: open tests in iphone-xr",
              "timedOut": null,
              "duration": 3217,
              "state": "passed",
              "speed": "fast",
              "pass": true,
              "fail": false,
              "pending": false,
              "context": null,
              "code": "cy.viewport('iphone-xr');\ncy.screenshot();\ncy.wait(2000);",
              "err": {},
              "uuid": "423eb826-b25e-4ddc-b812-97bb2cbafd58",
              "parentUUID": "abe9e883-f6fe-4ea2-8b5b-a3e18134fe9a",
              "isHook": false,
              "skipped": false
            },
            {
              "title": "test04: open tests in 1024px x 768px",
              "fullTitle": "view ports: Control the size & orientation of the APP screen test04: open tests in 1024px x 768px",
              "timedOut": null,
              "duration": 3279,
              "state": "passed",
              "speed": "fast",
              "pass": true,
              "fail": false,
              "pending": false,
              "context": null,
              "code": "cy.viewport(1024, 768);\ncy.screenshot();\ncy.wait(2000);",
              "err": {},
              "uuid": "bd7c8f17-3b52-4256-a6cc-646ae6e0847b",
              "parentUUID": "abe9e883-f6fe-4ea2-8b5b-a3e18134fe9a",
              "isHook": false,
              "skipped": false
            },
            {
              "title": "test04: open tests in samsung-note9",
              "fullTitle": "view ports: Control the size & orientation of the APP screen test04: open tests in samsung-note9",
              "timedOut": null,
              "duration": 3463,
              "state": "passed",
              "speed": "fast",
              "pass": true,
              "fail": false,
              "pending": false,
              "context": null,
              "code": "cy.viewport('samsung-note9');\ncy.screenshot();\ncy.wait(2000);",
              "err": {},
              "uuid": "ed1d75ad-2e60-4ed2-9097-8a46cc5a7e2a",
              "parentUUID": "abe9e883-f6fe-4ea2-8b5b-a3e18134fe9a",
              "isHook": false,
              "skipped": false
            }
          ],
          "suites": [],
          "passes": [
            "77d98dbc-b1c5-40a5-b17d-7d33f1fc08e3",
            "2eca5250-11bd-4b39-9103-b0347d0aff29",
            "423eb826-b25e-4ddc-b812-97bb2cbafd58",
            "bd7c8f17-3b52-4256-a6cc-646ae6e0847b",
            "ed1d75ad-2e60-4ed2-9097-8a46cc5a7e2a"
          ],
          "failures": [],
          "pending": [],
          "skipped": [],
          "duration": 17500,
          "root": false,
          "rootEmpty": false,
          "_timeout": 2000
        }
      ],
      "passes": [],
      "failures": [],
      "pending": [],
      "skipped": [],
      "duration": 0,
      "root": true,
      "rootEmpty": true,
      "_timeout": 2000
    }
  ],
  "meta": {
    "mocha": {
      "version": "7.0.1"
    },
    "mochawesome": {
      "options": {
        "quiet": false,
        "reportFilename": "mochawesome",
        "saveHtml": false,
        "saveJson": true,
        "consoleReporter": "spec",
        "useInlineDiffs": false,
        "code": true
      },
      "version": "7.0.1"
    },
    "marge": {
      "options": {
        "id": "default",
        "reportDir": "cypress/reports/mocha",
        "quite": true,
        "overwrite": false,
        "html": false,
        "json": true
      },
      "version": "6.0.1"
    }
  }
}