{
  "stats": {
    "suites": 1,
    "tests": 4,
    "passes": 4,
    "pending": 0,
    "failures": 0,
    "start": "2022-02-07T08:51:52.789Z",
    "end": "2022-02-07T08:51:53.039Z",
    "duration": 250,
    "testsRegistered": 4,
    "passPercent": 100,
    "pendingPercent": 0,
    "other": 0,
    "hasOther": false,
    "skipped": 0,
    "hasSkipped": false
  },
  "results": [
    {
      "uuid": "cdd12632-29df-4f73-ab71-71d7094c0c5e",
      "title": "",
      "fullFile": "cypress/integration/testSuite/ts08_rwFiles-spec.js",
      "file": "cypress/integration/testSuite/ts08_rwFiles-spec.js",
      "beforeHooks": [],
      "afterHooks": [],
      "tests": [],
      "suites": [
        {
          "uuid": "37b7f478-51cb-4418-bf68-65bc0afa93ad",
          "title": "Read &Write files",
          "fullFile": "",
          "file": "",
          "beforeHooks": [],
          "afterHooks": [],
          "tests": [
            {
              "title": "test01: Write to a text file",
              "fullTitle": "Read &Write files test01: Write to a text file",
              "timedOut": null,
              "duration": 82,
              "state": "passed",
              "speed": "fast",
              "pass": true,
              "fail": false,
              "pending": false,
              "context": null,
              "code": "cy.writeFile('rwFile.txt', 'Im Manjunatha - '); // writeFile to write, have to specify file extension\ncy.writeFile('rwFile.txt', 'Test automation by Cypress\\n', {\n  flag: 'a+'\n}); // flag to append content to the file\ncy.writeFile('rwFile.txt', '\\n Cypress Project Setup', {\n  flag: 'a+'\n});\ncy.writeFile('rwFile.txt', ':\\n', {\n  flag: 'a+'\n});\ncy.writeFile('rwFile.txt', '\\n 1.Install Nodejs\\n 2.Install IDE - Visual Studio Code\\n 3.Open the project folder in VS Code\\n 4.Setup npm package(npm init -y)\\n 5.Install Cypress(npm install Cypress)\\n 6.Open Cypress(npx Cypress open)\\n', {\n  flag: 'a+'\n});",
              "err": {},
              "uuid": "6b8527b8-9f4c-4035-b785-c0016a336ba4",
              "parentUUID": "37b7f478-51cb-4418-bf68-65bc0afa93ad",
              "isHook": false,
              "skipped": false
            },
            {
              "title": "test02: Read from a text file",
              "fullTitle": "Read &Write files test02: Read from a text file",
              "timedOut": null,
              "duration": 30,
              "state": "passed",
              "speed": "fast",
              "pass": true,
              "fail": false,
              "pending": false,
              "context": null,
              "code": "cy.readFile('rwFile.txt').should('contains', 'Manjunatha'); //readFile to read file,  have to specify file extension",
              "err": {},
              "uuid": "10367725-f6d5-4fbd-a33a-bc5a411cb6e2",
              "parentUUID": "37b7f478-51cb-4418-bf68-65bc0afa93ad",
              "isHook": false,
              "skipped": false
            },
            {
              "title": "test03: Write to a pdf file",
              "fullTitle": "Read &Write files test03: Write to a pdf file",
              "timedOut": null,
              "duration": 50,
              "state": "passed",
              "speed": "fast",
              "pass": true,
              "fail": false,
              "pending": false,
              "context": null,
              "code": "cy.writeFile('rwFile.pdf', 'Im Manjunatha - ');\ncy.writeFile('rwFile.pdf', 'Test automation by Cypress\\n', {\n  flag: 'a+'\n});\ncy.writeFile('rwFile.pdf', '\\n Cypress Project Setup', {\n  flag: 'a+'\n});\ncy.writeFile('rwFile.pdf', ':\\n', {\n  flag: 'a+'\n});\ncy.writeFile('rwFile.pdf', '\\n 1.Install Nodejs\\n 2.Install IDE - Visual Studio Code\\n 3.Open the project folder in VS Code\\n 4.Setup npm package(npm init -y)\\n 5.Install Cypress(npm install Cypress)\\n 6.Open Cypress(npx Cypress open)\\n', {\n  flag: 'a+'\n});",
              "err": {},
              "uuid": "32ebfa1f-6ef0-43ef-9862-0bde64cd685c",
              "parentUUID": "37b7f478-51cb-4418-bf68-65bc0afa93ad",
              "isHook": false,
              "skipped": false
            },
            {
              "title": "test04: Write to a word doc file",
              "fullTitle": "Read &Write files test04: Write to a word doc file",
              "timedOut": null,
              "duration": 44,
              "state": "passed",
              "speed": "fast",
              "pass": true,
              "fail": false,
              "pending": false,
              "context": null,
              "code": "cy.writeFile('rwFile.docx', 'Im Manjunatha - ');\ncy.writeFile('rwFile.docx', 'Test automation by Cypress\\n', {\n  flag: 'a+'\n});\ncy.writeFile('rwFile.docx', '\\n Cypress Project Setup', {\n  flag: 'a+'\n});\ncy.writeFile('rwFile.docx', ':\\n', {\n  flag: 'a+'\n});\ncy.writeFile('rwFile.docx', '\\n 1.Install Nodejs\\n 2.Install IDE - Visual Studio Code\\n 3.Open the project folder in VS Code\\n 4.Setup npm package(npm init -y)\\n 5.Install Cypress(npm install Cypress)\\n 6.Open Cypress(npx Cypress open)\\n', {\n  flag: 'a+'\n});",
              "err": {},
              "uuid": "422a86e4-7713-421d-9fc2-fbafeeebd06e",
              "parentUUID": "37b7f478-51cb-4418-bf68-65bc0afa93ad",
              "isHook": false,
              "skipped": false
            }
          ],
          "suites": [],
          "passes": [
            "6b8527b8-9f4c-4035-b785-c0016a336ba4",
            "10367725-f6d5-4fbd-a33a-bc5a411cb6e2",
            "32ebfa1f-6ef0-43ef-9862-0bde64cd685c",
            "422a86e4-7713-421d-9fc2-fbafeeebd06e"
          ],
          "failures": [],
          "pending": [],
          "skipped": [],
          "duration": 206,
          "root": false,
          "rootEmpty": false,
          "_timeout": 2000
        }
      ],
      "passes": [],
      "failures": [],
      "pending": [],
      "skipped": [],
      "duration": 0,
      "root": true,
      "rootEmpty": true,
      "_timeout": 2000
    }
  ],
  "meta": {
    "mocha": {
      "version": "7.0.1"
    },
    "mochawesome": {
      "options": {
        "quiet": false,
        "reportFilename": "mochawesome",
        "saveHtml": false,
        "saveJson": true,
        "consoleReporter": "spec",
        "useInlineDiffs": false,
        "code": true
      },
      "version": "7.0.1"
    },
    "marge": {
      "options": {
        "id": "default",
        "reportDir": "cypress/reports/mocha",
        "quite": true,
        "overwrite": false,
        "html": false,
        "json": true
      },
      "version": "6.0.1"
    }
  }
}