{
  "stats": {
    "suites": 10,
    "tests": 19,
    "passes": 14,
    "pending": 0,
    "failures": 5,
    "start": "2022-02-04T18:15:36.790Z",
    "end": "2022-02-04T18:17:45.543Z",
    "duration": 63153,
    "testsRegistered": 19,
    "passPercent": 73.6842105263158,
    "pendingPercent": 0,
    "other": 0,
    "hasOther": false,
    "skipped": 0,
    "hasSkipped": false
  },
  "results": [
    {
      "uuid": "eb519466-74b1-43cd-b231-ba8f19009566",
      "title": "",
      "fullFile": "cypress/integration/login/login.js",
      "file": "cypress/integration/login/login.js",
      "beforeHooks": [],
      "afterHooks": [],
      "tests": [
        {
          "title": "An uncaught error was detected outside of a test",
          "fullTitle": "An uncaught error was detected outside of a test",
          "timedOut": null,
          "duration": 203,
          "state": "failed",
          "speed": null,
          "pass": false,
          "fail": true,
          "pending": false,
          "context": null,
          "code": "throw err;",
          "err": {
            "message": "ReferenceError: The following error originated from your test code, not from Cypress.\n\n  > Given is not defined\n\nWhen Cypress detects uncaught errors originating from your test code it will automatically fail the current test.\n\nCypress could not associate this error to any specific test.\n\nWe dynamically generated a new test to display this failure.",
            "estack": "ReferenceError: The following error originated from your test code, not from Cypress.\n\n  > Given is not defined\n\nWhen Cypress detects uncaught errors originating from your test code it will automatically fail the current test.\n\nCypress could not associate this error to any specific test.\n\nWe dynamically generated a new test to display this failure.\n    at Object.1 (https://react-redux.realworld.io/__cypress/tests?p=cypress\\integration\\login\\login.js:4:1)\n    at o (https://react-redux.realworld.io/__cypress/tests?p=cypress\\integration\\login\\login.js:1:265)\n    at r (https://react-redux.realworld.io/__cypress/tests?p=cypress\\integration\\login\\login.js:1:431)\n    at eval (https://react-redux.realworld.io/__cypress/tests?p=cypress\\integration\\login\\login.js:1:460)\n    at eval (<anonymous>)",
            "diff": null
          },
          "uuid": "94069bac-3aca-4202-803f-31b3ea171378",
          "parentUUID": "eb519466-74b1-43cd-b231-ba8f19009566",
          "isHook": false,
          "skipped": false
        }
      ],
      "suites": [],
      "passes": [],
      "failures": [
        "94069bac-3aca-4202-803f-31b3ea171378"
      ],
      "pending": [],
      "skipped": [],
      "duration": 203,
      "root": true,
      "rootEmpty": false,
      "_timeout": 2000
    },
    {
      "uuid": "7acbdc71-2422-4e09-b5a8-d6e737e8e9e0",
      "title": "",
      "fullFile": "cypress/integration/testSuite/tc01_signIn-spec.js",
      "file": "cypress/integration/testSuite/tc01_signIn-spec.js",
      "beforeHooks": [],
      "afterHooks": [],
      "tests": [],
      "suites": [
        {
          "uuid": "2b8934b9-9848-41c6-816e-39a73565c70a",
          "title": "Sign In",
          "fullFile": "",
          "file": "",
          "beforeHooks": [],
          "afterHooks": [],
          "tests": [
            {
              "title": "test01: sign in",
              "fullTitle": "Sign In test01: sign in",
              "timedOut": null,
              "duration": 5478,
              "state": "passed",
              "speed": "medium",
              "pass": true,
              "fail": false,
              "pending": false,
              "context": null,
              "code": "cy.visit(\"https://react-redux.realworld.io/#/login\");\ncy.get('input[type=\"email\"]').type('manjunatha2207@gmail.com');\ncy.get('input[type=\"password\"]').type('Cypress@1234');\ncy.get('.btn').contains('Sign in').should('be.visible').click();\ncy.contains('manjunatha2207').should('be.visible');\ncy.contains('Your Feed').should('be.visible');",
              "err": {},
              "uuid": "fab984b1-ce5d-45ee-8956-591b79819a48",
              "parentUUID": "2b8934b9-9848-41c6-816e-39a73565c70a",
              "isHook": false,
              "skipped": false
            }
          ],
          "suites": [],
          "passes": [
            "fab984b1-ce5d-45ee-8956-591b79819a48"
          ],
          "failures": [],
          "pending": [],
          "skipped": [],
          "duration": 5478,
          "root": false,
          "rootEmpty": false,
          "_timeout": 2000
        }
      ],
      "passes": [],
      "failures": [],
      "pending": [],
      "skipped": [],
      "duration": 0,
      "root": true,
      "rootEmpty": true,
      "_timeout": 2000
    },
    {
      "uuid": "f630426b-19c8-48f2-96b0-e6bc9c9192a4",
      "title": "",
      "fullFile": "cypress/integration/testSuite/tc02_signInFixtures-spec.js",
      "file": "cypress/integration/testSuite/tc02_signInFixtures-spec.js",
      "beforeHooks": [],
      "afterHooks": [],
      "tests": [],
      "suites": [
        {
          "uuid": "a258df3a-96d1-4443-8b27-6d3a53f92112",
          "title": "Sign In by accessing test data from Fixture files",
          "fullFile": "",
          "file": "",
          "beforeHooks": [],
          "afterHooks": [],
          "tests": [
            {
              "title": "test01: sign in",
              "fullTitle": "Sign In by accessing test data from Fixture files test01: sign in",
              "timedOut": null,
              "duration": 4919,
              "state": "passed",
              "speed": "fast",
              "pass": true,
              "fail": false,
              "pending": false,
              "context": null,
              "code": "cy.visit(\"https://react-redux.realworld.io/#/login\");\ncy.fixture('loginDetails').then(function (user) {\n  //access data from Fixture file > loginDetails.json\n  cy.get('input[type=\"email\"]').type(user.email);\n  cy.get('input[type=\"password\"]').type(user.password);\n});\ncy.get('.btn').contains('Sign in').should('be.visible').click();\ncy.contains('manjunatha2207').should('be.visible');\ncy.contains('Your Feed').should('be.visible');",
              "err": {},
              "uuid": "57b296c5-ea89-487d-9399-02dff4376a65",
              "parentUUID": "a258df3a-96d1-4443-8b27-6d3a53f92112",
              "isHook": false,
              "skipped": false
            }
          ],
          "suites": [],
          "passes": [
            "57b296c5-ea89-487d-9399-02dff4376a65"
          ],
          "failures": [],
          "pending": [],
          "skipped": [],
          "duration": 4919,
          "root": false,
          "rootEmpty": false,
          "_timeout": 2000
        },
        {
          "uuid": "30b3b29f-2d27-45bd-bc83-197f715c519c",
          "title": "Sign In by accessing test data from Fixture files using beforeEachHook",
          "fullFile": "",
          "file": "",
          "beforeHooks": [],
          "afterHooks": [],
          "tests": [
            {
              "title": "test02: Sign in",
              "fullTitle": "Sign In by accessing test data from Fixture files using beforeEachHook test02: Sign in",
              "timedOut": null,
              "duration": 1724,
              "state": "passed",
              "speed": "fast",
              "pass": true,
              "fail": false,
              "pending": false,
              "context": null,
              "code": "cy.visit('https://react-redux.realworld.io/#/login');\ncy.get('input[type=\"email\"]').type(this.user.email);\ncy.get('input[type=\"password\"]').type(this.user.password);\ncy.get('.btn').contains('Sign in').should('be.visible').click();",
              "err": {},
              "uuid": "c2f5c7d8-31e7-4327-ad17-d32994670875",
              "parentUUID": "30b3b29f-2d27-45bd-bc83-197f715c519c",
              "isHook": false,
              "skipped": false
            }
          ],
          "suites": [],
          "passes": [
            "c2f5c7d8-31e7-4327-ad17-d32994670875"
          ],
          "failures": [],
          "pending": [],
          "skipped": [],
          "duration": 1724,
          "root": false,
          "rootEmpty": false,
          "_timeout": 2000
        }
      ],
      "passes": [],
      "failures": [],
      "pending": [],
      "skipped": [],
      "duration": 0,
      "root": true,
      "rootEmpty": true,
      "_timeout": 2000
    },
    {
      "uuid": "d328cc75-48bc-466d-929c-39542a8aa6e0",
      "title": "",
      "fullFile": "cypress/integration/testSuite/tc03_createPost-spec.js",
      "file": "cypress/integration/testSuite/tc03_createPost-spec.js",
      "beforeHooks": [],
      "afterHooks": [],
      "tests": [],
      "suites": [
        {
          "uuid": "710f9d89-3c35-41e5-b9b7-27fc326805d4",
          "title": "Create Post and Mark/Unmark as Favorite",
          "fullFile": "",
          "file": "",
          "beforeHooks": [],
          "afterHooks": [],
          "tests": [
            {
              "title": "test01: Sign in",
              "fullTitle": "Create Post and Mark/Unmark as Favorite test01: Sign in",
              "timedOut": null,
              "duration": 3277,
              "state": "passed",
              "speed": "fast",
              "pass": true,
              "fail": false,
              "pending": false,
              "context": null,
              "code": "cy.visit('https://react-redux.realworld.io/#/login');\ncy.title().should('eq', 'Conduit');\ncy.location('protocol').should('eq', 'https:');\ncy.get('input[type=\"email\"]').type('manjunatha2207@gmail.com');\ncy.get('input[type=\"password\"]').type('Cypress@1234');\ncy.get('.btn').contains('Sign in').should('be.visible').click();\ncy.contains('Your Feed', {\n  timeout: 10000\n}).should('be.visible');",
              "err": {},
              "uuid": "59072caa-f4a6-47e7-a055-661397f4d013",
              "parentUUID": "710f9d89-3c35-41e5-b9b7-27fc326805d4",
              "isHook": false,
              "skipped": false
            },
            {
              "title": "test02: Create Post",
              "fullTitle": "Create Post and Mark/Unmark as Favorite test02: Create Post",
              "timedOut": null,
              "duration": 6475,
              "state": "failed",
              "speed": null,
              "pass": false,
              "fail": true,
              "pending": false,
              "context": null,
              "code": "cy.contains('New Post').click();\ncy.hash().should('include', '#/editor'); //cy.location('hash').should('include','#/editor')\ncy.get('input[placeholder=\"Article Title\"]').type('Cypress Automation'); // cy.get('input[placeholder=\"Article Title\"]').type('Cypress Automation'+ Math.random()*6)\ncy.get('input[placeholder=\"What\\'s this article about?\"]').type('Cypress Test Automation');\ncy.get('textarea[placeholder=\"Write your article (in markdown)\"]').type('Cypress Test Automation for Web');\ncy.contains('Publish Article').click();\ncy.url().should('include', 'article');",
              "err": {
                "message": "AssertionError: Timed out retrying after 4000ms: expected 'https://react-redux.realworld.io/#/editor?_k=lg3dww' to include 'article'",
                "estack": "AssertionError: Timed out retrying after 4000ms: expected 'https://react-redux.realworld.io/#/editor?_k=lg3dww' to include 'article'\n    at Context.eval (https://react-redux.realworld.io/__cypress/tests?p=cypress\\integration\\testSuite\\tc03_createPost-spec.js:26:14)",
                "diff": null
              },
              "uuid": "09aee73f-5e9a-4cca-b158-6d27f71def7b",
              "parentUUID": "710f9d89-3c35-41e5-b9b7-27fc326805d4",
              "isHook": false,
              "skipped": false
            },
            {
              "title": "test03: Mark/Unmark as Favorite",
              "fullTitle": "Create Post and Mark/Unmark as Favorite test03: Mark/Unmark as Favorite",
              "timedOut": null,
              "duration": 2250,
              "state": "failed",
              "speed": null,
              "pass": false,
              "fail": true,
              "pending": false,
              "context": null,
              "code": "cy.get('.nav-link').contains('manjunatha2207').click();\ncy.contains('My Articles').should('be.visible');\ncy.get('.ion-heart').click();\ncy.contains('Favorited Articles').click();\ncy.url().should('include', 'favorites');\ncy.get('.ion-heart').click();\ncy.reload();\ncy.contains('No articles are here... yet.').should('be.visible');\ncy.go('back'); //cy.go(-1)\n//cy.go('forward')\n//cy.go(1)\n// cy.get('.preview-link > span').click()\n// cy.get('.btn-outline-danger').click()",
              "err": {
                "message": "CypressError: `cy.click()` can only be called on a single element. Your subject contained 5 elements. Pass `{ multiple: true }` if you want to serially click each element.\n\nhttps://on.cypress.io/click",
                "estack": "CypressError: `cy.click()` can only be called on a single element. Your subject contained 5 elements. Pass `{ multiple: true }` if you want to serially click each element.\n\nhttps://on.cypress.io/click\n    at mouseAction (https://react-redux.realworld.io/__cypress/runner/cypress_runner.js:152347:76)\n    at Context.click (https://react-redux.realworld.io/__cypress/runner/cypress_runner.js:152526:14)\n    at Context.<anonymous> (https://react-redux.realworld.io/__cypress/runner/cypress_runner.js:172859:19)\nFrom Your Spec Code:\n    at Context.eval (https://react-redux.realworld.io/__cypress/tests?p=cypress\\integration\\testSuite\\tc03_createPost-spec.js:31:26)",
                "diff": null
              },
              "uuid": "5dbf005a-b5e2-449b-9039-1da02e6d2124",
              "parentUUID": "710f9d89-3c35-41e5-b9b7-27fc326805d4",
              "isHook": false,
              "skipped": false
            }
          ],
          "suites": [],
          "passes": [
            "59072caa-f4a6-47e7-a055-661397f4d013"
          ],
          "failures": [
            "09aee73f-5e9a-4cca-b158-6d27f71def7b",
            "5dbf005a-b5e2-449b-9039-1da02e6d2124"
          ],
          "pending": [],
          "skipped": [],
          "duration": 12002,
          "root": false,
          "rootEmpty": false,
          "_timeout": 2000
        }
      ],
      "passes": [],
      "failures": [],
      "pending": [],
      "skipped": [],
      "duration": 0,
      "root": true,
      "rootEmpty": true,
      "_timeout": 2000
    },
    {
      "uuid": "f4d5b16f-5d11-42af-965e-5b3f298eeced",
      "title": "",
      "fullFile": "cypress/integration/testSuite/tc04_createPostCustomCMD-spec.js",
      "file": "cypress/integration/testSuite/tc04_createPostCustomCMD-spec.js",
      "beforeHooks": [],
      "afterHooks": [],
      "tests": [],
      "suites": [
        {
          "uuid": "c4dfd41a-c6dd-4c92-af59-bb939dbc2c05",
          "title": "Create Post and Mark/Unmark as Favorite",
          "fullFile": "",
          "file": "",
          "beforeHooks": [],
          "afterHooks": [],
          "tests": [
            {
              "title": "test01: Create Post",
              "fullTitle": "Create Post and Mark/Unmark as Favorite test01: Create Post",
              "timedOut": null,
              "duration": 9369,
              "state": "passed",
              "speed": "medium",
              "pass": true,
              "fail": false,
              "pending": false,
              "context": null,
              "code": "cy.contains('New Post').click();\ncy.hash().should('include', '#/editor'); //cy.location('hash').should('include','#/editor')\n// cy.get('input[placeholder=\"Article Title\"]').type('Cypress Automation')\ncy.get('input[placeholder=\"Article Title\"]').type('Cypress Automation' + Math.random() * 6);\ncy.get('input[placeholder=\"What\\'s this article about?\"]').type('Cypress Test Automation');\ncy.get('textarea[placeholder=\"Write your article (in markdown)\"]').type('Cypress Test Automation for Web');\ncy.contains('Publish Article').click();\ncy.url().should('include', 'article');",
              "err": {},
              "uuid": "f875a954-566a-4f19-8987-e3201486f2dd",
              "parentUUID": "c4dfd41a-c6dd-4c92-af59-bb939dbc2c05",
              "isHook": false,
              "skipped": false
            },
            {
              "title": "test02: Mark/Unmark as Favorite",
              "fullTitle": "Create Post and Mark/Unmark as Favorite test02: Mark/Unmark as Favorite",
              "timedOut": null,
              "duration": 6895,
              "state": "passed",
              "speed": "medium",
              "pass": true,
              "fail": false,
              "pending": false,
              "context": null,
              "code": "cy.get('ul.navbar-nav').children().contains('manjunatha2207').click();\ncy.contains('My Articles').should('be.visible');\ncy.get('.ion-heart').first().click();\ncy.contains('Favorited Articles').click();\ncy.url().should('include', 'favorites');\ncy.get('.btn-primary').first().then(function ($fav) {\n  var favCount = $fav.text();\n  expect(parseInt(favCount)).to.eq(1);\n}).click();\ncy.reload();\ncy.contains('No articles are here... yet.').should('be.visible');\ncy.go('back'); //cy.go(-1)\n//cy.go('forward')\n//cy.go(1)\n// cy.get('.preview-link > span').click()\n// cy.get('.btn-outline-danger').click()",
              "err": {},
              "uuid": "87bae8d3-234d-4472-a68c-ee1e40de2bd2",
              "parentUUID": "c4dfd41a-c6dd-4c92-af59-bb939dbc2c05",
              "isHook": false,
              "skipped": false
            }
          ],
          "suites": [],
          "passes": [
            "f875a954-566a-4f19-8987-e3201486f2dd",
            "87bae8d3-234d-4472-a68c-ee1e40de2bd2"
          ],
          "failures": [],
          "pending": [],
          "skipped": [],
          "duration": 16264,
          "root": false,
          "rootEmpty": false,
          "_timeout": 2000
        }
      ],
      "passes": [],
      "failures": [],
      "pending": [],
      "skipped": [],
      "duration": 0,
      "root": true,
      "rootEmpty": true,
      "_timeout": 2000
    },
    {
      "uuid": "42fd6e58-1cc8-44d6-bc00-af799b278c3a",
      "title": "",
      "fullFile": "cypress/integration/testSuite/tc05_fileUpload-spec.js",
      "file": "cypress/integration/testSuite/tc05_fileUpload-spec.js",
      "beforeHooks": [],
      "afterHooks": [],
      "tests": [],
      "suites": [
        {
          "uuid": "2222a806-d191-4da6-846f-5f297681a5c2",
          "title": "cypress-file-upload plugin",
          "fullFile": "",
          "file": "",
          "beforeHooks": [],
          "afterHooks": [],
          "tests": [
            {
              "title": "test01: File upload",
              "fullTitle": "cypress-file-upload plugin test01: File upload",
              "timedOut": null,
              "duration": 937,
              "state": "passed",
              "speed": "fast",
              "pass": true,
              "fail": false,
              "pending": false,
              "context": null,
              "code": "cy.visit('https://cgi-lib.berkeley.edu/ex/fup.html');\nvar fileName = 'MochawesomeReport.pdf'; // file path - cypress\\fixtures\\testFile.pdf\ncy.get('[type=\"file\"]').attachFile(fileName); // upload file\ncy.get('[type=\"submit\"]').click();\ncy.contains(\"You've uploaded a file. Your notes on the file were:\").should('be.visible');\ncy.contains(\"The file's contents are: //Mocha for reports\").should('be.visible');",
              "err": {},
              "uuid": "6a83be60-4ebe-4e0f-9cae-12f44fd83ed2",
              "parentUUID": "2222a806-d191-4da6-846f-5f297681a5c2",
              "isHook": false,
              "skipped": false
            }
          ],
          "suites": [],
          "passes": [
            "6a83be60-4ebe-4e0f-9cae-12f44fd83ed2"
          ],
          "failures": [],
          "pending": [],
          "skipped": [],
          "duration": 937,
          "root": false,
          "rootEmpty": false,
          "_timeout": 2000
        }
      ],
      "passes": [],
      "failures": [],
      "pending": [],
      "skipped": [],
      "duration": 0,
      "root": true,
      "rootEmpty": true,
      "_timeout": 2000
    },
    {
      "uuid": "49c7d164-55de-4cce-9c25-809cbb59c923",
      "title": "",
      "fullFile": "cypress/integration/testSuite/tc06_POM_SignIn-spec.js",
      "file": "cypress/integration/testSuite/tc06_POM_SignIn-spec.js",
      "beforeHooks": [],
      "afterHooks": [],
      "tests": [],
      "suites": [
        {
          "uuid": "fa4801b4-425d-48b4-a262-d288e54711de",
          "title": "POM Sign In",
          "fullFile": "",
          "file": "",
          "beforeHooks": [],
          "afterHooks": [],
          "tests": [
            {
              "title": "test01: Sign in",
              "fullTitle": "POM Sign In test01: Sign in",
              "timedOut": null,
              "duration": 5508,
              "state": "passed",
              "speed": "medium",
              "pass": true,
              "fail": false,
              "pending": false,
              "context": null,
              "code": "cy.visit('https://react-redux.realworld.io/#/login');\nsignIn.email().type('manjunatha2207@gmail.com');\nsignIn.password().type('Cypress@1234');\nsignIn.signInButton().should('be.visible').click();\ncy.contains('manjunatha2207').should('be.visible');\ncy.contains('Your Feed').should('be.visible');",
              "err": {},
              "uuid": "cea30b3d-38d5-4966-a962-b74e658836e4",
              "parentUUID": "fa4801b4-425d-48b4-a262-d288e54711de",
              "isHook": false,
              "skipped": false
            }
          ],
          "suites": [],
          "passes": [
            "cea30b3d-38d5-4966-a962-b74e658836e4"
          ],
          "failures": [],
          "pending": [],
          "skipped": [],
          "duration": 5508,
          "root": false,
          "rootEmpty": false,
          "_timeout": 2000
        }
      ],
      "passes": [],
      "failures": [],
      "pending": [],
      "skipped": [],
      "duration": 0,
      "root": true,
      "rootEmpty": true,
      "_timeout": 2000
    },
    {
      "uuid": "cbe24134-e186-4670-9d8a-d589d5e1b15a",
      "title": "",
      "fullFile": "cypress/integration/testSuite/tc07_testAPIs-spec.js",
      "file": "cypress/integration/testSuite/tc07_testAPIs-spec.js",
      "beforeHooks": [],
      "afterHooks": [],
      "tests": [],
      "suites": [
        {
          "uuid": "85c89ffd-8ad5-4859-949f-81e95e094206",
          "title": "Test APIs",
          "fullFile": "",
          "file": "",
          "beforeHooks": [],
          "afterHooks": [],
          "tests": [
            {
              "title": "test01: GET METHOD to read record",
              "fullTitle": "Test APIs test01: GET METHOD to read record",
              "timedOut": null,
              "duration": 1489,
              "state": "passed",
              "speed": "fast",
              "pass": true,
              "fail": false,
              "pending": false,
              "context": null,
              "code": "cy.request('/employees').then(function (response) {\n  expect(response).to.have.property('status', 200);\n  expect(response.body).to.not.be[\"null\"]; // expect(response.body.data).to.have.length(24)\n});",
              "err": {},
              "uuid": "82019fec-559c-4061-a0eb-ce55a7e1b5de",
              "parentUUID": "85c89ffd-8ad5-4859-949f-81e95e094206",
              "isHook": false,
              "skipped": false
            },
            {
              "title": "test02: POST METHOD to create record",
              "fullTitle": "Test APIs test02: POST METHOD to create record",
              "timedOut": null,
              "duration": 1409,
              "state": "failed",
              "speed": null,
              "pass": false,
              "fail": true,
              "pending": false,
              "context": null,
              "code": "var item = {\n  \"name\": \"Manjunatha\",\n  \"salary\": \"68\",\n  \"age\": \"68\"\n};\ncy.request('POST', '/create', item).its('body').its('data') // .should('deep.eq', item)\n.should('include', {\n  name: 'test'\n});",
              "err": {
                "message": "CypressError: `cy.request()` failed on:\n\nhttp://dummy.restapiexample.com/api/v1/create\n\nThe response we received from your web server was:\n\n  > 429: Too Many Requests\n\nThis was considered a failure because the status code was not `2xx` or `3xx`.\n\nIf you do not want status codes to cause failures pass the option: `failOnStatusCode: false`\n\n-----------------------------------------------------------\n\nThe request we sent was:\n\nMethod: POST\nURL: http://dummy.restapiexample.com/api/v1/create\nHeaders: {\n  \"Connection\": \"keep-alive\",\n  \"user-agent\": \"Mozilla/5.0 (Windows NT 10.0; Win64; x64) AppleWebKit/537.36 (KHTML, like Gecko) Cypress/9.3.1 Chrome/94.0.4606.81 Electron/15.3.4 Safari/537.36\",\n  \"accept\": \"*/*\",\n  \"accept-encoding\": \"gzip, deflate\",\n  \"content-type\": \"application/json\",\n  \"content-length\": 46\n}\nBody: {\"name\":\"Manjunatha\",\"salary\":\"68\",\"age\":\"68\"}\n\n-----------------------------------------------------------\n\nThe response we got was:\n\nStatus: 429 - Too Many Requests\nHeaders: {\n  \"content-encoding\": \"gzip\",\n  \"content-type\": \"text/html; charset=UTF-8\",\n  \"date\": \"Fri, 04 Feb 2022 18:17:34 GMT\",\n  \"display\": \"staticcontent_sol\",\n  \"expires\": \"Thu, 03 Feb 2022 18:17:34 GMT\",\n  \"host-header\": \"c2hhcmVkLmJsdWVob3N0LmNvbQ==\",\n  \"pagespeed\": \"off\",\n  \"referrer-policy\": \"\",\n  \"response\": \"429\",\n  \"retry-after\": \"54\",\n  \"server\": \"nginx\",\n  \"vary\": \"Accept-Encoding, Accept-Encoding,Origin\",\n  \"x-ezoic-cdn\": \"Miss\",\n  \"x-middleton-display\": \"staticcontent_sol\",\n  \"x-middleton-response\": \"429\",\n  \"x-origin-cache-control\": \"no-cache, private\",\n  \"x-ratelimit-limit\": \"60\",\n  \"x-ratelimit-remaining\": \"57\",\n  \"x-ratelimit-reset\": \"1643998707\",\n  \"x-sol\": \"pub_site\",\n  \"content-length\": \"588\"\n}\nBody: <!DOCTYPE html>\n<html lang=\"en\">\n    <head>\n        <meta charset=\"utf-8\">\n        <meta name=\"viewport\" content=\"width=device-width, initial-scale=1\">\n\n        <title>Too Many Requests</title>\n\n        <!-- Fonts -->\n        <link rel=\"dns-prefetch\" href=\"//fonts.gstatic.com\">\n        <link href=\"https://fonts.googleapis.com/css?family=Nunito\" rel=\"stylesheet\">\n\n        <!-- Styles -->\n        <style>\n  html, body {\n      background-color: #fff;\n      color: #636b6f;\n      font-family: 'Nunito', sans-serif;\n      font-weight: 100;\n      height: 100vh;\n      margin: 0;\n  }\n\n  .full-height {\n      height: 100vh;\n  }\n\n  .flex-center {\n      align-items: center;\n      display: flex;\n      justify-content: center;\n  }\n\n  .position-ref {\n      position: relative;\n  }\n\n  .code {\n      border-right: 2px solid;\n      font-size: 26px;\n      padding: 0 15px 0 15px;\n      text-align: center;\n  }\n\n  .message {\n      font-size: 18px;\n      text-align: center;\n  }\n        </style>\n    </head>\n    <body>\n        <div class=\"flex-center position-ref full-height\">\n  <div class=\"code\">\n      429            </div>\n\n  <div class=\"message\" style=\"padding: 10px;\">\n      Too Many Requests            </div>\n        </div>\n    </body>\n</html>\n\nhttps://on.cypress.io/request",
                "estack": "CypressError: `cy.request()` failed on:\n\nhttp://dummy.restapiexample.com/api/v1/create\n\nThe response we received from your web server was:\n\n  > 429: Too Many Requests\n\nThis was considered a failure because the status code was not `2xx` or `3xx`.\n\nIf you do not want status codes to cause failures pass the option: `failOnStatusCode: false`\n\n-----------------------------------------------------------\n\nThe request we sent was:\n\nMethod: POST\nURL: http://dummy.restapiexample.com/api/v1/create\nHeaders: {\n  \"Connection\": \"keep-alive\",\n  \"user-agent\": \"Mozilla/5.0 (Windows NT 10.0; Win64; x64) AppleWebKit/537.36 (KHTML, like Gecko) Cypress/9.3.1 Chrome/94.0.4606.81 Electron/15.3.4 Safari/537.36\",\n  \"accept\": \"*/*\",\n  \"accept-encoding\": \"gzip, deflate\",\n  \"content-type\": \"application/json\",\n  \"content-length\": 46\n}\nBody: {\"name\":\"Manjunatha\",\"salary\":\"68\",\"age\":\"68\"}\n\n-----------------------------------------------------------\n\nThe response we got was:\n\nStatus: 429 - Too Many Requests\nHeaders: {\n  \"content-encoding\": \"gzip\",\n  \"content-type\": \"text/html; charset=UTF-8\",\n  \"date\": \"Fri, 04 Feb 2022 18:17:34 GMT\",\n  \"display\": \"staticcontent_sol\",\n  \"expires\": \"Thu, 03 Feb 2022 18:17:34 GMT\",\n  \"host-header\": \"c2hhcmVkLmJsdWVob3N0LmNvbQ==\",\n  \"pagespeed\": \"off\",\n  \"referrer-policy\": \"\",\n  \"response\": \"429\",\n  \"retry-after\": \"54\",\n  \"server\": \"nginx\",\n  \"vary\": \"Accept-Encoding, Accept-Encoding,Origin\",\n  \"x-ezoic-cdn\": \"Miss\",\n  \"x-middleton-display\": \"staticcontent_sol\",\n  \"x-middleton-response\": \"429\",\n  \"x-origin-cache-control\": \"no-cache, private\",\n  \"x-ratelimit-limit\": \"60\",\n  \"x-ratelimit-remaining\": \"57\",\n  \"x-ratelimit-reset\": \"1643998707\",\n  \"x-sol\": \"pub_site\",\n  \"content-length\": \"588\"\n}\nBody: <!DOCTYPE html>\n<html lang=\"en\">\n    <head>\n        <meta charset=\"utf-8\">\n        <meta name=\"viewport\" content=\"width=device-width, initial-scale=1\">\n\n        <title>Too Many Requests</title>\n\n        <!-- Fonts -->\n        <link rel=\"dns-prefetch\" href=\"//fonts.gstatic.com\">\n        <link href=\"https://fonts.googleapis.com/css?family=Nunito\" rel=\"stylesheet\">\n\n        <!-- Styles -->\n        <style>\n  html, body {\n      background-color: #fff;\n      color: #636b6f;\n      font-family: 'Nunito', sans-serif;\n      font-weight: 100;\n      height: 100vh;\n      margin: 0;\n  }\n\n  .full-height {\n      height: 100vh;\n  }\n\n  .flex-center {\n      align-items: center;\n      display: flex;\n      justify-content: center;\n  }\n\n  .position-ref {\n      position: relative;\n  }\n\n  .code {\n      border-right: 2px solid;\n      font-size: 26px;\n      padding: 0 15px 0 15px;\n      text-align: center;\n  }\n\n  .message {\n      font-size: 18px;\n      text-align: center;\n  }\n        </style>\n    </head>\n    <body>\n        <div class=\"flex-center position-ref full-height\">\n  <div class=\"code\">\n      429            </div>\n\n  <div class=\"message\" style=\"padding: 10px;\">\n      Too Many Requests            </div>\n        </div>\n    </body>\n</html>\n\nhttps://on.cypress.io/request\n    at https://react-redux.realworld.io/__cypress/runner/cypress_runner.js:160312:80\n    at tryCatcher (https://react-redux.realworld.io/__cypress/runner/cypress_runner.js:13196:23)\n    at Promise._settlePromiseFromHandler (https://react-redux.realworld.io/__cypress/runner/cypress_runner.js:11131:31)\n    at Promise._settlePromise (https://react-redux.realworld.io/__cypress/runner/cypress_runner.js:11188:18)\n    at Promise._settlePromise0 (https://react-redux.realworld.io/__cypress/runner/cypress_runner.js:11233:10)\n    at Promise._settlePromises (https://react-redux.realworld.io/__cypress/runner/cypress_runner.js:11313:18)\n    at _drainQueueStep (https://react-redux.realworld.io/__cypress/runner/cypress_runner.js:7903:12)\n    at _drainQueue (https://react-redux.realworld.io/__cypress/runner/cypress_runner.js:7896:9)\n    at Async.../../node_modules/bluebird/js/release/async.js.Async._drainQueues (https://react-redux.realworld.io/__cypress/runner/cypress_runner.js:7912:5)\n    at Async.drainQueues (https://react-redux.realworld.io/__cypress/runner/cypress_runner.js:7782:14)\nFrom Your Spec Code:\n    at Context.eval (https://react-redux.realworld.io/__cypress/tests?p=cypress\\integration\\testSuite\\tc07_testAPIs-spec.js:20:8)",
                "diff": null
              },
              "uuid": "e2874263-016c-424e-8a0d-200e84b66abf",
              "parentUUID": "85c89ffd-8ad5-4859-949f-81e95e094206",
              "isHook": false,
              "skipped": false
            },
            {
              "title": "test01: PUT METHOD to update record",
              "fullTitle": "Test APIs test01: PUT METHOD to update record",
              "timedOut": null,
              "duration": 6112,
              "state": "failed",
              "speed": null,
              "pass": false,
              "fail": true,
              "pending": false,
              "context": null,
              "code": "var item = {\n  \"name\": \"test1\"\n};\ncy.request({\n  method: 'PUT',\n  url: '/update/1',\n  body: item,\n  failOnStatusCode: false\n}).its('status').should('eq', 401);",
              "err": {
                "message": "AssertionError: Timed out retrying after 4000ms: expected 429 to equal 401",
                "estack": "AssertionError: Timed out retrying after 4000ms: expected 429 to equal 401\n    at Context.eval (https://react-redux.realworld.io/__cypress/tests?p=cypress\\integration\\testSuite\\tc07_testAPIs-spec.js:34:22)",
                "diff": "- 429\n+ 401\n"
              },
              "uuid": "dd5416bd-7ea3-4433-afb9-6b1877d76ea4",
              "parentUUID": "85c89ffd-8ad5-4859-949f-81e95e094206",
              "isHook": false,
              "skipped": false
            }
          ],
          "suites": [],
          "passes": [
            "82019fec-559c-4061-a0eb-ce55a7e1b5de"
          ],
          "failures": [
            "e2874263-016c-424e-8a0d-200e84b66abf",
            "dd5416bd-7ea3-4433-afb9-6b1877d76ea4"
          ],
          "pending": [],
          "skipped": [],
          "duration": 9010,
          "root": false,
          "rootEmpty": false,
          "_timeout": 2000
        }
      ],
      "passes": [],
      "failures": [],
      "pending": [],
      "skipped": [],
      "duration": 0,
      "root": true,
      "rootEmpty": true,
      "_timeout": 2000
    },
    {
      "uuid": "f4bfe42d-1964-4820-9276-1c8fa5d3f8b7",
      "title": "",
      "fullFile": "cypress/integration/testSuite/tc08_rwFiles-spec.js",
      "file": "cypress/integration/testSuite/tc08_rwFiles-spec.js",
      "beforeHooks": [],
      "afterHooks": [],
      "tests": [],
      "suites": [
        {
          "uuid": "6dcb9128-e450-404d-9d2f-d5a5eb7fb8c9",
          "title": "Read &Write files",
          "fullFile": "",
          "file": "",
          "beforeHooks": [],
          "afterHooks": [],
          "tests": [
            {
              "title": "test01: Write to a text file",
              "fullTitle": "Read &Write files test01: Write to a text file",
              "timedOut": null,
              "duration": 231,
              "state": "passed",
              "speed": "fast",
              "pass": true,
              "fail": false,
              "pending": false,
              "context": null,
              "code": "cy.writeFile('rwFile.txt', 'Im Manjunatha - '); // writeFile to write, have to specify file extension\ncy.writeFile('rwFile.txt', 'Test automation by Cypress\\n', {\n  flag: 'a+'\n}); // flag to append content to the file\ncy.writeFile('rwFile.txt', '\\n Cypress Project Setup', {\n  flag: 'a+'\n});\ncy.writeFile('rwFile.txt', ':\\n', {\n  flag: 'a+'\n});\ncy.writeFile('rwFile.txt', '\\n 1.Install Nodejs\\n 2.Install IDE - Visual Studio Code\\n 3.Open the project folder in VS Code\\n 4.Setup npm package(npm init -y)\\n 5.Install Cypress(npm install Cypress)\\n 6.Open Cypress(npx Cypress open)\\n', {\n  flag: 'a+'\n});",
              "err": {},
              "uuid": "044953f3-8946-4904-92d4-b68c414adaf4",
              "parentUUID": "6dcb9128-e450-404d-9d2f-d5a5eb7fb8c9",
              "isHook": false,
              "skipped": false
            },
            {
              "title": "test02: Read from a text file",
              "fullTitle": "Read &Write files test02: Read from a text file",
              "timedOut": null,
              "duration": 51,
              "state": "passed",
              "speed": "fast",
              "pass": true,
              "fail": false,
              "pending": false,
              "context": null,
              "code": "cy.readFile('rwFile.txt').should('contains', 'Manjunatha'); //readFile to read file,  have to specify file extension",
              "err": {},
              "uuid": "e7d0bf71-e0c8-482a-9ec1-29ae8d30f5da",
              "parentUUID": "6dcb9128-e450-404d-9d2f-d5a5eb7fb8c9",
              "isHook": false,
              "skipped": false
            },
            {
              "title": "test03: Write to a pdf file",
              "fullTitle": "Read &Write files test03: Write to a pdf file",
              "timedOut": null,
              "duration": 86,
              "state": "passed",
              "speed": "fast",
              "pass": true,
              "fail": false,
              "pending": false,
              "context": null,
              "code": "cy.writeFile('rwFile.pdf', 'Im Manjunatha - ');\ncy.writeFile('rwFile.pdf', 'Test automation by Cypress\\n', {\n  flag: 'a+'\n});\ncy.writeFile('rwFile.pdf', '\\n Cypress Project Setup', {\n  flag: 'a+'\n});\ncy.writeFile('rwFile.pdf', ':\\n', {\n  flag: 'a+'\n});\ncy.writeFile('rwFile.pdf', '\\n 1.Install Nodejs\\n 2.Install IDE - Visual Studio Code\\n 3.Open the project folder in VS Code\\n 4.Setup npm package(npm init -y)\\n 5.Install Cypress(npm install Cypress)\\n 6.Open Cypress(npx Cypress open)\\n', {\n  flag: 'a+'\n});",
              "err": {},
              "uuid": "49a1b9eb-f8d1-4565-a082-83b482714aa5",
              "parentUUID": "6dcb9128-e450-404d-9d2f-d5a5eb7fb8c9",
              "isHook": false,
              "skipped": false
            },
            {
              "title": "test04: Write to a word doc file",
              "fullTitle": "Read &Write files test04: Write to a word doc file",
              "timedOut": null,
              "duration": 70,
              "state": "passed",
              "speed": "fast",
              "pass": true,
              "fail": false,
              "pending": false,
              "context": null,
              "code": "cy.writeFile('rwFile.docx', 'Im Manjunatha - ');\ncy.writeFile('rwFile.docx', 'Test automation by Cypress\\n', {\n  flag: 'a+'\n});\ncy.writeFile('rwFile.docx', '\\n Cypress Project Setup', {\n  flag: 'a+'\n});\ncy.writeFile('rwFile.docx', ':\\n', {\n  flag: 'a+'\n});\ncy.writeFile('rwFile.docx', '\\n 1.Install Nodejs\\n 2.Install IDE - Visual Studio Code\\n 3.Open the project folder in VS Code\\n 4.Setup npm package(npm init -y)\\n 5.Install Cypress(npm install Cypress)\\n 6.Open Cypress(npx Cypress open)\\n', {\n  flag: 'a+'\n});",
              "err": {},
              "uuid": "3fbd5ed2-0348-4cbb-97e3-c410aa6ec11b",
              "parentUUID": "6dcb9128-e450-404d-9d2f-d5a5eb7fb8c9",
              "isHook": false,
              "skipped": false
            }
          ],
          "suites": [],
          "passes": [
            "044953f3-8946-4904-92d4-b68c414adaf4",
            "e7d0bf71-e0c8-482a-9ec1-29ae8d30f5da",
            "49a1b9eb-f8d1-4565-a082-83b482714aa5",
            "3fbd5ed2-0348-4cbb-97e3-c410aa6ec11b"
          ],
          "failures": [],
          "pending": [],
          "skipped": [],
          "duration": 438,
          "root": false,
          "rootEmpty": false,
          "_timeout": 2000
        }
      ],
      "passes": [],
      "failures": [],
      "pending": [],
      "skipped": [],
      "duration": 0,
      "root": true,
      "rootEmpty": true,
      "_timeout": 2000
    },
    {
      "uuid": "5c5f44ef-fdac-4e86-9f63-65421ffb202f",
      "title": "",
      "fullFile": "cypress/integration/login.feature",
      "file": "cypress/integration/login.feature",
      "beforeHooks": [],
      "afterHooks": [],
      "tests": [],
      "suites": [
        {
          "uuid": "08b6e040-a208-40de-b9ad-bf7cf54d066c",
          "title": "Login",
          "fullFile": "",
          "file": "",
          "beforeHooks": [],
          "afterHooks": [],
          "tests": [
            {
              "title": "Conduit Login",
              "fullTitle": "Login Conduit Login",
              "timedOut": null,
              "duration": 6670,
              "state": "passed",
              "speed": "medium",
              "pass": true,
              "fail": false,
              "pending": false,
              "context": null,
              "code": "const state = window.testState;\nreturn cy\n  .then(() => state.onStartScenario(scenario, indexedSteps))\n  .then(() =>\n    resolveAndRunBeforeHooks.call(this, scenario.tags, state.feature.name)\n  )\n  .then(() =>\n    indexedSteps.forEach((step) =>\n      stepTest.call(this, state, step, rowData)\n    )\n  )\n  .then(() => state.onFinishScenario(scenario));",
              "err": {},
              "uuid": "bc823e05-7048-442c-ae1f-d166d97f0887",
              "parentUUID": "08b6e040-a208-40de-b9ad-bf7cf54d066c",
              "isHook": false,
              "skipped": false
            }
          ],
          "suites": [],
          "passes": [
            "bc823e05-7048-442c-ae1f-d166d97f0887"
          ],
          "failures": [],
          "pending": [],
          "skipped": [],
          "duration": 6670,
          "root": false,
          "rootEmpty": false,
          "_timeout": 2000
        }
      ],
      "passes": [],
      "failures": [],
      "pending": [],
      "skipped": [],
      "duration": 0,
      "root": true,
      "rootEmpty": true,
      "_timeout": 2000
    }
  ],
  "meta": {
    "mocha": {
      "version": "7.0.1"
    },
    "mochawesome": {
      "options": {
        "quiet": false,
        "reportFilename": "mochawesome",
        "saveHtml": false,
        "saveJson": true,
        "consoleReporter": "spec",
        "useInlineDiffs": false,
        "code": true
      },
      "version": "7.0.1"
    },
    "marge": {
      "options": {
        "id": "default",
        "reportDir": "cypress/reports/mocha",
        "quite": true,
        "overwrite": false,
        "html": false,
        "json": true
      },
      "version": "6.0.1"
    }
  }
}